This is pdfTeX, Version 3.141592653-2.6-1.40.22 (TeX Live 2022/dev/Debian) (preloaded format=pdflatex 2024.3.20)  2 APR 2025 16:19
entering extended mode
 restricted \write18 enabled.
 %&-line parsing enabled.
**mdpi_submission.tex
(./mdpi_submission.tex
LaTeX2e <2021-11-15> patch level 1
L3 programming layer <2022-01-21> (./Definitions/mdpi.cls
Document Class: Definitions/mdpi 3/24/2025 MDPI paper class
(/usr/share/texlive/texmf-dist/tex/latex/base/article.cls
Document Class: article 2021/10/04 v1.4n Standard LaTeX document class
(/usr/share/texlive/texmf-dist/tex/latex/base/size10.clo
File: size10.clo 2021/10/04 v1.4n Standard LaTeX file (size option)
)
\c@part=\count185
\c@section=\count186
\c@subsection=\count187
\c@subsubsection=\count188
\c@paragraph=\count189
\c@subparagraph=\count190
\c@figure=\count191
\c@table=\count192
\abovecaptionskip=\skip47
\belowcaptionskip=\skip48
\bibindent=\dimen138
)
(/usr/share/texlive/texmf-dist/tex/latex/base/fontenc.sty
Package: fontenc 2021/04/29 v2.0v Standard LaTeX package
)
(/usr/share/texlive/texmf-dist/tex/latex/base/inputenc.sty
Package: inputenc 2021/02/14 v1.3d Input encoding file
\inpenc@prehook=\toks16
\inpenc@posthook=\toks17
)
(/usr/share/texlive/texmf-dist/tex/latex/tools/calc.sty
Package: calc 2017/05/25 v4.3 Infix arithmetic (KKT,FJ)
\calc@Acount=\count193
\calc@Bcount=\count194
\calc@Adimen=\dimen139
\calc@Bdimen=\dimen140
\calc@Askip=\skip49
\calc@Bskip=\skip50
LaTeX Info: Redefining \setlength on input line 80.
LaTeX Info: Redefining \addtolength on input line 81.
\calc@Ccount=\count195
\calc@Cskip=\skip51
)
(/usr/share/texlive/texmf-dist/tex/latex/tools/indentfirst.sty
Package: indentfirst 1995/11/23 v1.03 Indent first paragraph (DPC)
)
(/usr/share/texlive/texmf-dist/tex/latex/fancyhdr/fancyhdr.sty
Package: fancyhdr 2021/01/28 v4.0.1 Extensive control of page headers and foote
rs
\f@nch@headwidth=\skip52
\f@nch@O@elh=\skip53
\f@nch@O@erh=\skip54
\f@nch@O@olh=\skip55
\f@nch@O@orh=\skip56
\f@nch@O@elf=\skip57
\f@nch@O@erf=\skip58
\f@nch@O@olf=\skip59
\f@nch@O@orf=\skip60
)
(/usr/share/texlive/texmf-dist/tex/latex/graphics/graphicx.sty
Package: graphicx 2021/09/16 v1.2d Enhanced LaTeX Graphics (DPC,SPQR)

(/usr/share/texlive/texmf-dist/tex/latex/graphics/keyval.sty
Package: keyval 2014/10/28 v1.15 key=value parser (DPC)
\KV@toks@=\toks18
)
(/usr/share/texlive/texmf-dist/tex/latex/graphics/graphics.sty
Package: graphics 2021/03/04 v1.4d Standard LaTeX Graphics (DPC,SPQR)

(/usr/share/texlive/texmf-dist/tex/latex/graphics/trig.sty
Package: trig 2021/08/11 v1.11 sin cos tan (DPC)
)
(/usr/share/texlive/texmf-dist/tex/latex/graphics-cfg/graphics.cfg
File: graphics.cfg 2016/06/04 v1.11 sample graphics configuration
)
Package graphics Info: Driver file: pdftex.def on input line 107.

(/usr/share/texlive/texmf-dist/tex/latex/graphics-def/pdftex.def
File: pdftex.def 2020/10/05 v1.2a Graphics/color driver for pdftex
))
\Gin@req@height=\dimen141
\Gin@req@width=\dimen142
)
(/usr/share/texlive/texmf-dist/tex/latex/epstopdf-pkg/epstopdf.sty
Package: epstopdf 2020-01-24 v2.11 Conversion with epstopdf on the fly (HO)

(/usr/share/texlive/texmf-dist/tex/generic/infwarerr/infwarerr.sty
Package: infwarerr 2019/12/03 v1.5 Providing info/warning/error messages (HO)
)
(/usr/share/texlive/texmf-dist/tex/latex/grfext/grfext.sty
Package: grfext 2019/12/03 v1.3 Manage graphics extensions (HO)

(/usr/share/texlive/texmf-dist/tex/generic/kvdefinekeys/kvdefinekeys.sty
Package: kvdefinekeys 2019-12-19 v1.6 Define keys (HO)
))
(/usr/share/texlive/texmf-dist/tex/latex/kvoptions/kvoptions.sty
Package: kvoptions 2020-10-07 v3.14 Key value format for package options (HO)

(/usr/share/texlive/texmf-dist/tex/generic/ltxcmds/ltxcmds.sty
Package: ltxcmds 2020-05-10 v1.25 LaTeX kernel commands for general use (HO)
)
(/usr/share/texlive/texmf-dist/tex/generic/kvsetkeys/kvsetkeys.sty
Package: kvsetkeys 2019/12/15 v1.18 Key value parser (HO)
))
(/usr/share/texlive/texmf-dist/tex/generic/pdftexcmds/pdftexcmds.sty
Package: pdftexcmds 2020-06-27 v0.33 Utility functions of pdfTeX for LuaTeX (HO
)

(/usr/share/texlive/texmf-dist/tex/generic/iftex/iftex.sty
Package: iftex 2020/03/06 v1.0d TeX engine tests
)
Package pdftexcmds Info: \pdf@primitive is available.
Package pdftexcmds Info: \pdf@ifprimitive is available.
Package pdftexcmds Info: \pdfdraftmode found.
)
(/usr/share/texlive/texmf-dist/tex/latex/epstopdf-pkg/epstopdf-base.sty
Package: epstopdf-base 2020-01-24 v2.11 Base part for package epstopdf
Package epstopdf-base Info: Redefining graphics rule for `.eps' on input line 4
85.
Package grfext Info: Graphics extension search list:
(grfext)             [.pdf,.png,.jpg,.mps,.jpeg,.jbig2,.jb2,.PDF,.PNG,.JPG,.JPE
G,.JBIG2,.JB2,.eps]
(grfext)             \AppendGraphicsExtensions on input line 504.

(/usr/share/texlive/texmf-dist/tex/latex/latexconfig/epstopdf-sys.cfg
File: epstopdf-sys.cfg 2010/07/13 v1.3 Configuration of (r)epstopdf for TeX Liv
e
)))
(/usr/share/texlive/texmf-dist/tex/latex/lastpage/lastpage.sty
Package: lastpage 2021/09/03 v1.2n Refers to last page's name (HMM; JPG)
)
(/usr/share/texlive/texmf-dist/tex/latex/base/ifthen.sty
Package: ifthen 2020/11/24 v1.1c Standard LaTeX ifthen package (DPC)
)
(/usr/share/texlive/texmf-dist/tex/latex/float/float.sty
Package: float 2001/11/08 v1.3d Float enhancements (AL)
\c@float@type=\count196
\float@exts=\toks19
\float@box=\box50
\@float@everytoks=\toks20
\@floatcapt=\box51
)
(/usr/share/texlive/texmf-dist/tex/latex/amsmath/amsmath.sty
Package: amsmath 2021/10/15 v2.17l AMS math features
\@mathmargin=\skip61

For additional information on amsmath, use the `?' option.
(/usr/share/texlive/texmf-dist/tex/latex/amsmath/amstext.sty
Package: amstext 2021/08/26 v2.01 AMS text

(/usr/share/texlive/texmf-dist/tex/latex/amsmath/amsgen.sty
File: amsgen.sty 1999/11/30 v2.0 generic functions
\@emptytoks=\toks21
\ex@=\dimen143
))
(/usr/share/texlive/texmf-dist/tex/latex/amsmath/amsbsy.sty
Package: amsbsy 1999/11/29 v1.2d Bold Symbols
\pmbraise@=\dimen144
)
(/usr/share/texlive/texmf-dist/tex/latex/amsmath/amsopn.sty
Package: amsopn 2021/08/26 v2.02 operator names
)
\inf@bad=\count197
LaTeX Info: Redefining \frac on input line 234.
\uproot@=\count198
\leftroot@=\count199
LaTeX Info: Redefining \overline on input line 399.
\classnum@=\count266
\DOTSCASE@=\count267
LaTeX Info: Redefining \ldots on input line 496.
LaTeX Info: Redefining \dots on input line 499.
LaTeX Info: Redefining \cdots on input line 620.
\Mathstrutbox@=\box52
\strutbox@=\box53
\big@size=\dimen145
LaTeX Font Info:    Redeclaring font encoding OML on input line 743.
LaTeX Font Info:    Redeclaring font encoding OMS on input line 744.
\macc@depth=\count268
\c@MaxMatrixCols=\count269
\dotsspace@=\muskip16
\c@parentequation=\count270
\dspbrk@lvl=\count271
\tag@help=\toks22
\row@=\count272
\column@=\count273
\maxfields@=\count274
\andhelp@=\toks23
\eqnshift@=\dimen146
\alignsep@=\dimen147
\tagshift@=\dimen148
\tagwidth@=\dimen149
\totwidth@=\dimen150
\lineht@=\dimen151
\@envbody=\toks24
\multlinegap=\skip62
\multlinetaggap=\skip63
\mathdisplay@stack=\toks25
LaTeX Info: Redefining \[ on input line 2938.
LaTeX Info: Redefining \] on input line 2939.
)
(/usr/share/texlive/texmf-dist/tex/latex/amsfonts/amssymb.sty
Package: amssymb 2013/01/14 v3.01 AMS font symbols

(/usr/share/texlive/texmf-dist/tex/latex/amsfonts/amsfonts.sty
Package: amsfonts 2013/01/14 v3.01 Basic AMSFonts support
\symAMSa=\mathgroup4
\symAMSb=\mathgroup5
LaTeX Font Info:    Redeclaring math symbol \hbar on input line 98.
LaTeX Font Info:    Overwriting math alphabet `\mathfrak' in version `bold'
(Font)                  U/euf/m/n --> U/euf/b/n on input line 106.
))
(/usr/share/texlive/texmf-dist/tex/latex/lineno/lineno.sty
Package: lineno 2005/11/02 line numbers on paragraphs v4.41
\linenopenalty=\count275
\output=\toks26
\linenoprevgraf=\count276
\linenumbersep=\dimen152
\linenumberwidth=\dimen153
\c@linenumber=\count277
\c@pagewiselinenumber=\count278
\c@LN@truepage=\count279
\c@internallinenumber=\count280
\c@internallinenumbers=\count281
\quotelinenumbersep=\dimen154
\bframerule=\dimen155
\bframesep=\dimen156
\bframebox=\box54
LaTeX Info: Redefining \\ on input line 3056.
)
(/usr/share/texlive/texmf-dist/tex/latex/setspace/setspace.sty
Package: setspace 2011/12/19 v6.7a set line spacing
)
(/usr/share/texlive/texmf-dist/tex/latex/enumitem/enumitem.sty
Package: enumitem 2019/06/20 v3.9 Customized lists
\labelindent=\skip64
\enit@outerparindent=\dimen157
\enit@toks=\toks27
\enit@inbox=\box55
\enit@count@id=\count282
\enitdp@description=\count283
)
(/usr/share/texlive/texmf-dist/tex/latex/psnfss/mathpazo.sty
Package: mathpazo 2020/03/25 PSNFSS-v9.3 Palatino w/ Pazo Math (D.Puga, WaS) 
\symupright=\mathgroup6
)
(/usr/share/texlive/texmf-dist/tex/latex/booktabs/booktabs.sty
Package: booktabs 2020/01/12 v1.61803398 Publication quality tables
\heavyrulewidth=\dimen158
\lightrulewidth=\dimen159
\cmidrulewidth=\dimen160
\belowrulesep=\dimen161
\belowbottomsep=\dimen162
\aboverulesep=\dimen163
\abovetopsep=\dimen164
\cmidrulesep=\dimen165
\cmidrulekern=\dimen166
\defaultaddspace=\dimen167
\@cmidla=\count284
\@cmidlb=\count285
\@aboverulesep=\dimen168
\@belowrulesep=\dimen169
\@thisruleclass=\count286
\@lastruleclass=\count287
\@thisrulewidth=\dimen170
)
(/usr/share/texlive/texmf-dist/tex/latex/titlesec/titlesec.sty
Package: titlesec 2021/07/05 v2.14 Sectioning titles
\ttl@box=\box56
\beforetitleunit=\skip65
\aftertitleunit=\skip66
\ttl@plus=\dimen171
\ttl@minus=\dimen172
\ttl@toksa=\toks28
\titlewidth=\dimen173
\titlewidthlast=\dimen174
\titlewidthfirst=\dimen175
)
(/usr/share/texlive/texmf-dist/tex/latex/etoolbox/etoolbox.sty
Package: etoolbox 2020/10/05 v2.5k e-TeX tools for LaTeX (JAW)
\etb@tempcnta=\count288
)
(/usr/share/texlive/texmf-dist/tex/latex/tabto-ltx/tabto.sty
Package: tabto 2018/12/28  v 1.4  Another tabbing mechanism
\CurrentLineWidth=\dimen176
\TabPrevPos=\dimen177
)
(/usr/share/texlive/texmf-dist/tex/latex/xcolor/xcolor.sty
Package: xcolor 2021/10/31 v2.13 LaTeX color extensions (UK)

(/usr/share/texlive/texmf-dist/tex/latex/graphics-cfg/color.cfg
File: color.cfg 2016/01/02 v1.6 sample color configuration
)
Package xcolor Info: Driver file: pdftex.def on input line 227.
Package xcolor Info: Model `cmy' substituted by `cmy0' on input line 1352.
Package xcolor Info: Model `hsb' substituted by `rgb' on input line 1356.
Package xcolor Info: Model `RGB' extended on input line 1368.
Package xcolor Info: Model `HTML' substituted by `rgb' on input line 1370.
Package xcolor Info: Model `Hsb' substituted by `hsb' on input line 1371.
Package xcolor Info: Model `tHsb' substituted by `hsb' on input line 1372.
Package xcolor Info: Model `HSB' substituted by `hsb' on input line 1373.
Package xcolor Info: Model `Gray' substituted by `gray' on input line 1374.
Package xcolor Info: Model `wave' substituted by `hsb' on input line 1375.
)
(/usr/share/texlive/texmf-dist/tex/latex/colortbl/colortbl.sty
Package: colortbl 2020/01/04 v1.0e Color table columns (DPC)

(/usr/share/texlive/texmf-dist/tex/latex/tools/array.sty
Package: array 2021/10/04 v2.5f Tabular extension package (FMi)
\col@sep=\dimen178
\ar@mcellbox=\box57
\extrarowheight=\dimen179
\NC@list=\toks29
\extratabsurround=\skip67
\backup@length=\skip68
\ar@cellbox=\box58
)
\everycr=\toks30
\minrowclearance=\skip69
)
(/usr/share/texlive/texmf-dist/tex/generic/soul/soul.sty
Package: soul 2003/11/17 v2.4 letterspacing/underlining (mf)
\SOUL@word=\toks31
\SOUL@lasttoken=\toks32
\SOUL@cmds=\toks33
\SOUL@buffer=\toks34
\SOUL@token=\toks35
\SOUL@spaceskip=\skip70
\SOUL@ttwidth=\dimen180
\SOUL@uldp=\dimen181
\SOUL@ulht=\dimen182
)
(/usr/share/texlive/texmf-dist/tex/latex/multirow/multirow.sty
Package: multirow 2021/03/15 v2.8 Span multiple rows of a table
\multirow@colwidth=\skip71
\multirow@cntb=\count289
\multirow@dima=\skip72
\bigstrutjot=\dimen183
)
(/usr/share/texlive/texmf-dist/tex/latex/microtype/microtype.sty
Package: microtype 2021/12/10 v3.0b Micro-typographical refinements (RS)
\MT@toks=\toks36
\MT@count=\count290
\MT@tempbox=\box59
LaTeX Info: Redefining \leftprotrusion on input line 1010.
LaTeX Info: Redefining \rightprotrusion on input line 1018.
LaTeX Info: Redefining \textls on input line 1173.
\MT@outer@kern=\dimen184
LaTeX Info: Redefining \textmicrotypecontext on input line 1759.
\MT@listname@count=\count291

(/usr/share/texlive/texmf-dist/tex/latex/microtype/microtype-pdftex.def
File: microtype-pdftex.def 2021/12/10 v3.0b Definitions specific to pdftex (RS)

LaTeX Info: Redefining \lsstyle on input line 897.
LaTeX Info: Redefining \lslig on input line 897.
\MT@outer@space=\skip73
)
Package microtype Info: Loading configuration file microtype.cfg.

(/usr/share/texlive/texmf-dist/tex/latex/microtype/microtype.cfg
File: microtype.cfg 2021/12/10 v3.0b microtype main configuration file (RS)
))
(/usr/share/texlive/texmf-dist/tex/latex/pgf/frontendlayer/tikz.sty
(/usr/share/texlive/texmf-dist/tex/latex/pgf/basiclayer/pgf.sty
(/usr/share/texlive/texmf-dist/tex/latex/pgf/utilities/pgfrcs.sty
(/usr/share/texlive/texmf-dist/tex/generic/pgf/utilities/pgfutil-common.tex
\pgfutil@everybye=\toks37
\pgfutil@tempdima=\dimen185
\pgfutil@tempdimb=\dimen186

(/usr/share/texlive/texmf-dist/tex/generic/pgf/utilities/pgfutil-common-lists.t
ex)) (/usr/share/texlive/texmf-dist/tex/generic/pgf/utilities/pgfutil-latex.def
\pgfutil@abb=\box60
) (/usr/share/texlive/texmf-dist/tex/generic/pgf/utilities/pgfrcs.code.tex
(/usr/share/texlive/texmf-dist/tex/generic/pgf/pgf.revision.tex)
Package: pgfrcs 2021/05/15 v3.1.9a (3.1.9a)
))
Package: pgf 2021/05/15 v3.1.9a (3.1.9a)

(/usr/share/texlive/texmf-dist/tex/latex/pgf/basiclayer/pgfcore.sty
(/usr/share/texlive/texmf-dist/tex/latex/pgf/systemlayer/pgfsys.sty
(/usr/share/texlive/texmf-dist/tex/generic/pgf/systemlayer/pgfsys.code.tex
Package: pgfsys 2021/05/15 v3.1.9a (3.1.9a)

(/usr/share/texlive/texmf-dist/tex/generic/pgf/utilities/pgfkeys.code.tex
\pgfkeys@pathtoks=\toks38
\pgfkeys@temptoks=\toks39

(/usr/share/texlive/texmf-dist/tex/generic/pgf/utilities/pgfkeysfiltered.code.t
ex
\pgfkeys@tmptoks=\toks40
))
\pgf@x=\dimen187
\pgf@y=\dimen188
\pgf@xa=\dimen189
\pgf@ya=\dimen190
\pgf@xb=\dimen191
\pgf@yb=\dimen192
\pgf@xc=\dimen193
\pgf@yc=\dimen194
\pgf@xd=\dimen195
\pgf@yd=\dimen196
\w@pgf@writea=\write3
\r@pgf@reada=\read2
\c@pgf@counta=\count292
\c@pgf@countb=\count293
\c@pgf@countc=\count294
\c@pgf@countd=\count295
\t@pgf@toka=\toks41
\t@pgf@tokb=\toks42
\t@pgf@tokc=\toks43
\pgf@sys@id@count=\count296
 (/usr/share/texlive/texmf-dist/tex/generic/pgf/systemlayer/pgf.cfg
File: pgf.cfg 2021/05/15 v3.1.9a (3.1.9a)
)
Driver file for pgf: pgfsys-pdftex.def

(/usr/share/texlive/texmf-dist/tex/generic/pgf/systemlayer/pgfsys-pdftex.def
File: pgfsys-pdftex.def 2021/05/15 v3.1.9a (3.1.9a)

(/usr/share/texlive/texmf-dist/tex/generic/pgf/systemlayer/pgfsys-common-pdf.de
f
File: pgfsys-common-pdf.def 2021/05/15 v3.1.9a (3.1.9a)
)))
(/usr/share/texlive/texmf-dist/tex/generic/pgf/systemlayer/pgfsyssoftpath.code.
tex
File: pgfsyssoftpath.code.tex 2021/05/15 v3.1.9a (3.1.9a)
\pgfsyssoftpath@smallbuffer@items=\count297
\pgfsyssoftpath@bigbuffer@items=\count298
)
(/usr/share/texlive/texmf-dist/tex/generic/pgf/systemlayer/pgfsysprotocol.code.
tex
File: pgfsysprotocol.code.tex 2021/05/15 v3.1.9a (3.1.9a)
))
(/usr/share/texlive/texmf-dist/tex/generic/pgf/basiclayer/pgfcore.code.tex
Package: pgfcore 2021/05/15 v3.1.9a (3.1.9a)

(/usr/share/texlive/texmf-dist/tex/generic/pgf/math/pgfmath.code.tex
(/usr/share/texlive/texmf-dist/tex/generic/pgf/math/pgfmathcalc.code.tex
(/usr/share/texlive/texmf-dist/tex/generic/pgf/math/pgfmathutil.code.tex)
(/usr/share/texlive/texmf-dist/tex/generic/pgf/math/pgfmathparser.code.tex
\pgfmath@dimen=\dimen197
\pgfmath@count=\count299
\pgfmath@box=\box61
\pgfmath@toks=\toks44
\pgfmath@stack@operand=\toks45
\pgfmath@stack@operation=\toks46
)
(/usr/share/texlive/texmf-dist/tex/generic/pgf/math/pgfmathfunctions.code.tex
(/usr/share/texlive/texmf-dist/tex/generic/pgf/math/pgfmathfunctions.basic.code
.tex)
(/usr/share/texlive/texmf-dist/tex/generic/pgf/math/pgfmathfunctions.trigonomet
ric.code.tex)
(/usr/share/texlive/texmf-dist/tex/generic/pgf/math/pgfmathfunctions.random.cod
e.tex)
(/usr/share/texlive/texmf-dist/tex/generic/pgf/math/pgfmathfunctions.comparison
.code.tex)
(/usr/share/texlive/texmf-dist/tex/generic/pgf/math/pgfmathfunctions.base.code.
tex)
(/usr/share/texlive/texmf-dist/tex/generic/pgf/math/pgfmathfunctions.round.code
.tex)
(/usr/share/texlive/texmf-dist/tex/generic/pgf/math/pgfmathfunctions.misc.code.
tex)
(/usr/share/texlive/texmf-dist/tex/generic/pgf/math/pgfmathfunctions.integerari
thmetics.code.tex)))
(/usr/share/texlive/texmf-dist/tex/generic/pgf/math/pgfmathfloat.code.tex
\c@pgfmathroundto@lastzeros=\count300
))
(/usr/share/texlive/texmf-dist/tex/generic/pgf/math/pgfint.code.tex)
(/usr/share/texlive/texmf-dist/tex/generic/pgf/basiclayer/pgfcorepoints.code.te
x
File: pgfcorepoints.code.tex 2021/05/15 v3.1.9a (3.1.9a)
\pgf@picminx=\dimen198
\pgf@picmaxx=\dimen199
\pgf@picminy=\dimen256
\pgf@picmaxy=\dimen257
\pgf@pathminx=\dimen258
\pgf@pathmaxx=\dimen259
\pgf@pathminy=\dimen260
\pgf@pathmaxy=\dimen261
\pgf@xx=\dimen262
\pgf@xy=\dimen263
\pgf@yx=\dimen264
\pgf@yy=\dimen265
\pgf@zx=\dimen266
\pgf@zy=\dimen267
)
(/usr/share/texlive/texmf-dist/tex/generic/pgf/basiclayer/pgfcorepathconstruct.
code.tex
File: pgfcorepathconstruct.code.tex 2021/05/15 v3.1.9a (3.1.9a)
\pgf@path@lastx=\dimen268
\pgf@path@lasty=\dimen269
)
(/usr/share/texlive/texmf-dist/tex/generic/pgf/basiclayer/pgfcorepathusage.code
.tex
File: pgfcorepathusage.code.tex 2021/05/15 v3.1.9a (3.1.9a)
\pgf@shorten@end@additional=\dimen270
\pgf@shorten@start@additional=\dimen271
)
(/usr/share/texlive/texmf-dist/tex/generic/pgf/basiclayer/pgfcorescopes.code.te
x
File: pgfcorescopes.code.tex 2021/05/15 v3.1.9a (3.1.9a)
\pgfpic=\box62
\pgf@hbox=\box63
\pgf@layerbox@main=\box64
\pgf@picture@serial@count=\count301
)
(/usr/share/texlive/texmf-dist/tex/generic/pgf/basiclayer/pgfcoregraphicstate.c
ode.tex
File: pgfcoregraphicstate.code.tex 2021/05/15 v3.1.9a (3.1.9a)
\pgflinewidth=\dimen272
)
(/usr/share/texlive/texmf-dist/tex/generic/pgf/basiclayer/pgfcoretransformation
s.code.tex
File: pgfcoretransformations.code.tex 2021/05/15 v3.1.9a (3.1.9a)
\pgf@pt@x=\dimen273
\pgf@pt@y=\dimen274
\pgf@pt@temp=\dimen275
)
(/usr/share/texlive/texmf-dist/tex/generic/pgf/basiclayer/pgfcorequick.code.tex
File: pgfcorequick.code.tex 2021/05/15 v3.1.9a (3.1.9a)
)
(/usr/share/texlive/texmf-dist/tex/generic/pgf/basiclayer/pgfcoreobjects.code.t
ex
File: pgfcoreobjects.code.tex 2021/05/15 v3.1.9a (3.1.9a)
)
(/usr/share/texlive/texmf-dist/tex/generic/pgf/basiclayer/pgfcorepathprocessing
.code.tex
File: pgfcorepathprocessing.code.tex 2021/05/15 v3.1.9a (3.1.9a)
)
(/usr/share/texlive/texmf-dist/tex/generic/pgf/basiclayer/pgfcorearrows.code.te
x
File: pgfcorearrows.code.tex 2021/05/15 v3.1.9a (3.1.9a)
\pgfarrowsep=\dimen276
)
(/usr/share/texlive/texmf-dist/tex/generic/pgf/basiclayer/pgfcoreshade.code.tex
File: pgfcoreshade.code.tex 2021/05/15 v3.1.9a (3.1.9a)
\pgf@max=\dimen277
\pgf@sys@shading@range@num=\count302
\pgf@shadingcount=\count303
)
(/usr/share/texlive/texmf-dist/tex/generic/pgf/basiclayer/pgfcoreimage.code.tex
File: pgfcoreimage.code.tex 2021/05/15 v3.1.9a (3.1.9a)

(/usr/share/texlive/texmf-dist/tex/generic/pgf/basiclayer/pgfcoreexternal.code.
tex
File: pgfcoreexternal.code.tex 2021/05/15 v3.1.9a (3.1.9a)
\pgfexternal@startupbox=\box65
))
(/usr/share/texlive/texmf-dist/tex/generic/pgf/basiclayer/pgfcorelayers.code.te
x
File: pgfcorelayers.code.tex 2021/05/15 v3.1.9a (3.1.9a)
)
(/usr/share/texlive/texmf-dist/tex/generic/pgf/basiclayer/pgfcoretransparency.c
ode.tex
File: pgfcoretransparency.code.tex 2021/05/15 v3.1.9a (3.1.9a)
)
(/usr/share/texlive/texmf-dist/tex/generic/pgf/basiclayer/pgfcorepatterns.code.
tex
File: pgfcorepatterns.code.tex 2021/05/15 v3.1.9a (3.1.9a)
)
(/usr/share/texlive/texmf-dist/tex/generic/pgf/basiclayer/pgfcorerdf.code.tex
File: pgfcorerdf.code.tex 2021/05/15 v3.1.9a (3.1.9a)
)))
(/usr/share/texlive/texmf-dist/tex/generic/pgf/modules/pgfmoduleshapes.code.tex
File: pgfmoduleshapes.code.tex 2021/05/15 v3.1.9a (3.1.9a)
\pgfnodeparttextbox=\box66
) (/usr/share/texlive/texmf-dist/tex/generic/pgf/modules/pgfmoduleplot.code.tex
File: pgfmoduleplot.code.tex 2021/05/15 v3.1.9a (3.1.9a)
)
(/usr/share/texlive/texmf-dist/tex/latex/pgf/compatibility/pgfcomp-version-0-65
.sty
Package: pgfcomp-version-0-65 2021/05/15 v3.1.9a (3.1.9a)
\pgf@nodesepstart=\dimen278
\pgf@nodesepend=\dimen279
)
(/usr/share/texlive/texmf-dist/tex/latex/pgf/compatibility/pgfcomp-version-1-18
.sty
Package: pgfcomp-version-1-18 2021/05/15 v3.1.9a (3.1.9a)
)) (/usr/share/texlive/texmf-dist/tex/latex/pgf/utilities/pgffor.sty
(/usr/share/texlive/texmf-dist/tex/latex/pgf/utilities/pgfkeys.sty
(/usr/share/texlive/texmf-dist/tex/generic/pgf/utilities/pgfkeys.code.tex))
(/usr/share/texlive/texmf-dist/tex/latex/pgf/math/pgfmath.sty
(/usr/share/texlive/texmf-dist/tex/generic/pgf/math/pgfmath.code.tex))
(/usr/share/texlive/texmf-dist/tex/generic/pgf/utilities/pgffor.code.tex
Package: pgffor 2021/05/15 v3.1.9a (3.1.9a)

(/usr/share/texlive/texmf-dist/tex/generic/pgf/math/pgfmath.code.tex)
\pgffor@iter=\dimen280
\pgffor@skip=\dimen281
\pgffor@stack=\toks47
\pgffor@toks=\toks48
))
(/usr/share/texlive/texmf-dist/tex/generic/pgf/frontendlayer/tikz/tikz.code.tex
Package: tikz 2021/05/15 v3.1.9a (3.1.9a)

(/usr/share/texlive/texmf-dist/tex/generic/pgf/libraries/pgflibraryplothandlers
.code.tex
File: pgflibraryplothandlers.code.tex 2021/05/15 v3.1.9a (3.1.9a)
\pgf@plot@mark@count=\count304
\pgfplotmarksize=\dimen282
)
\tikz@lastx=\dimen283
\tikz@lasty=\dimen284
\tikz@lastxsaved=\dimen285
\tikz@lastysaved=\dimen286
\tikz@lastmovetox=\dimen287
\tikz@lastmovetoy=\dimen288
\tikzleveldistance=\dimen289
\tikzsiblingdistance=\dimen290
\tikz@figbox=\box67
\tikz@figbox@bg=\box68
\tikz@tempbox=\box69
\tikz@tempbox@bg=\box70
\tikztreelevel=\count305
\tikznumberofchildren=\count306
\tikznumberofcurrentchild=\count307
\tikz@fig@count=\count308

(/usr/share/texlive/texmf-dist/tex/generic/pgf/modules/pgfmodulematrix.code.tex
File: pgfmodulematrix.code.tex 2021/05/15 v3.1.9a (3.1.9a)
\pgfmatrixcurrentrow=\count309
\pgfmatrixcurrentcolumn=\count310
\pgf@matrix@numberofcolumns=\count311
)
\tikz@expandcount=\count312

(/usr/share/texlive/texmf-dist/tex/generic/pgf/frontendlayer/tikz/libraries/tik
zlibrarytopaths.code.tex
File: tikzlibrarytopaths.code.tex 2021/05/15 v3.1.9a (3.1.9a)
)))
(/usr/share/texlive/texmf-dist/tex/latex/refcount/refcount.sty
Package: refcount 2019/12/15 v3.6 Data extraction from label references (HO)
)
(/usr/share/texlive/texmf-dist/tex/latex/changepage/changepage.sty
Package: changepage 2009/10/20 v1.0c check page and change page layout
\c@cp@cntr=\count313
\cp@tempcnt=\count314
)
(/usr/share/texlive/texmf-dist/tex/latex/frankenstein/attrib.sty
Package: attrib 2001/08/31 v1.3 attribution of block elements (Frankenstein's h
at)

(/usr/share/texlive/texmf-dist/tex/latex/frankenstein/moredefs.sty
Package: moredefs 2001/08/31 v1.8 more defining commands (Frankenstein's brain)

\sc@toks@a=\toks49
\sc@toks@b=\toks50
)
\AttribMinSkip=\skip74
)
(/usr/share/texlive/texmf-dist/tex/latex/was/upgreek.sty
Package: upgreek 2003/02/12 v2.0 (WaS)
Package upgreek Info: Using Euler Roman for upright Greek on input line 31.
\symugrf@m=\mathgroup7
LaTeX Font Info:    Overwriting symbol font `ugrf@m' in version `bold'
(Font)                  U/eur/m/n --> U/eur/b/n on input line 38.
)
(/usr/share/texlive/texmf-dist/tex/latex/tools/tabularx.sty
Package: tabularx 2020/01/15 v2.11c `tabularx' package (DPC)
\TX@col@width=\dimen291
\TX@old@table=\dimen292
\TX@old@col=\dimen293
\TX@target=\dimen294
\TX@delta=\dimen295
\TX@cols=\count315
\TX@ftn=\toks51
)
(/usr/share/texlive/texmf-dist/tex/latex/pbox/pbox.sty
Package: pbox 2011/12/07 v1.2 Dynamic parboxes
\pb@xlen=\skip75
)
(/usr/share/texlive/texmf-dist/tex/latex/ragged2e/ragged2e.sty
Package: ragged2e 2021/12/15 v3.1 ragged2e Package
\CenteringLeftskip=\skip76
\RaggedLeftLeftskip=\skip77
\RaggedRightLeftskip=\skip78
\CenteringRightskip=\skip79
\RaggedLeftRightskip=\skip80
\RaggedRightRightskip=\skip81
\CenteringParfillskip=\skip82
\RaggedLeftParfillskip=\skip83
\RaggedRightParfillskip=\skip84
\JustifyingParfillskip=\skip85
\CenteringParindent=\skip86
\RaggedLeftParindent=\skip87
\RaggedRightParindent=\skip88
\JustifyingParindent=\skip89
)
(/usr/share/texlive/texmf-dist/tex/latex/tocloft/tocloft.sty
Package: tocloft 2017/08/31 v2.3i parameterised ToC, etc., typesetting
Package tocloft Info: The document has section divisions on input line 51.
\cftparskip=\skip90
\cftbeforetoctitleskip=\skip91
\cftaftertoctitleskip=\skip92
\cftbeforepartskip=\skip93
\cftpartnumwidth=\skip94
\cftpartindent=\skip95
\cftbeforesecskip=\skip96
\cftsecindent=\skip97
\cftsecnumwidth=\skip98
\cftbeforesubsecskip=\skip99
\cftsubsecindent=\skip100
\cftsubsecnumwidth=\skip101
\cftbeforesubsubsecskip=\skip102
\cftsubsubsecindent=\skip103
\cftsubsubsecnumwidth=\skip104
\cftbeforeparaskip=\skip105
\cftparaindent=\skip106
\cftparanumwidth=\skip107
\cftbeforesubparaskip=\skip108
\cftsubparaindent=\skip109
\cftsubparanumwidth=\skip110
\cftbeforeloftitleskip=\skip111
\cftafterloftitleskip=\skip112
\cftbeforefigskip=\skip113
\cftfigindent=\skip114
\cftfignumwidth=\skip115
\cftbeforelottitleskip=\skip116
\cftafterlottitleskip=\skip117
\cftbeforetabskip=\skip118
\cfttabindent=\skip119
\cfttabnumwidth=\skip120
\cftbeforesubfigskip=\skip121
\cftsubfigindent=\skip122
\cftsubfignumwidth=\skip123
\cftbeforesubtabskip=\skip124
\cftsubtabindent=\skip125
\cftsubtabnumwidth=\skip126
)
(/usr/share/texlive/texmf-dist/tex/latex/marginnote/marginnote.sty
Package: marginnote 2018/08/09 v1.4b non floating margin notes for LaTeX
\c@mn@abspage=\count316
)
(/usr/share/texlive/texmf-dist/tex/latex/marginfix/marginfix.sty
Package: marginfix 2020/05/06 v1.2 Fix Margin Paragraphs
\Mfx@inject@insert=\insert252
\Mfx@marginbox=\box71
\Mfx@marginpos@min=\dimen296
\Mfx@marginpos@max=\dimen297
\Mfx@marginspace=\dimen298
\Mfx@marginheight=\dimen299
\Mfx@piece@content=\box72
\Mfx@piece@count=\count317
\Mfx@mparshift=\dimen300
\marginheightadjustment=\dimen301
\marginposadjustment=\dimen302
\Mfx@strutheight=\dimen303
)
(/usr/share/texlive/texmf-dist/tex/latex/enotez/enotez.sty
(/usr/share/texlive/texmf-dist/tex/latex/l3kernel/expl3.sty
Package: expl3 2022-01-21 L3 programming layer (loader) 

(/usr/share/texlive/texmf-dist/tex/latex/l3backend/l3backend-pdftex.def
File: l3backend-pdftex.def 2022-01-12 L3 backend support: PDF output (pdfTeX)
\l__color_backend_stack_int=\count318
\l__pdf_internal_box=\box73
))
(/usr/share/texlive/texmf-dist/tex/latex/l3packages/xparse/xparse.sty
Package: xparse 2022-01-12 L3 Experimental document command parser
)
(/usr/share/texlive/texmf-dist/tex/latex/l3packages/l3keys2e/l3keys2e.sty
Package: l3keys2e 2022-01-12 LaTeX2e option processing using LaTeX3 keys
)
(/usr/share/texlive/texmf-dist/tex/latex/l3packages/xtemplate/xtemplate.sty
Package: xtemplate 2022-01-12 L3 Experimental prototype document functions
\l__xtemplate_tmp_dim=\dimen304
\l__xtemplate_tmp_int=\count319
\l__xtemplate_tmp_muskip=\muskip17
\l__xtemplate_tmp_skip=\skip127
)
Package: enotez 2022/01/04 v0.10d Endnotes for LaTeX2e
\l__enotez_list_preamble_skip=\skip128
\l__enotez_list_postamble_skip=\skip129
\g__enotez_endnote_id_int=\count320
\g__enotez_endnote_mark_int=\count321
\c@endnote=\count322
\g__enotez_list_printed_int=\count323
\l__enotez_tmpa_int=\count324

Package xtemplate Info: Declaring object type 'enotez-list' taking 1
(xtemplate)             argument(s) on line 473.

\l__enotez_list_notes_sep_dim=\dimen305

(/usr/share/texlive/texmf-dist/tex/latex/translations/translations.sty
Package: translations 2022/01/04 v1.11 internationalization of LaTeX2e packages
 (CN)
))
(/usr/share/texlive/texmf-dist/tex/generic/xstring/xstring.sty
(/usr/share/texlive/texmf-dist/tex/generic/xstring/xstring.tex
\integerpart=\count325
\decimalpart=\count326
)
Package: xstring 2021/07/21 v1.84 String manipulations (CT)
)
(/usr/share/texlive/texmf-dist/tex/latex/subfig/subfig.sty
Package: subfig 2005/06/28 ver: 1.3 subfig package

(/usr/share/texlive/texmf-dist/tex/latex/caption/caption.sty
Package: caption 2020/10/26 v3.5g Customizing captions (AR)

(/usr/share/texlive/texmf-dist/tex/latex/caption/caption3.sty
Package: caption3 2020/10/21 v2.2e caption3 kernel (AR)
\captionmargin=\dimen306
\captionmargin@=\dimen307
\captionwidth=\dimen308
\caption@tempdima=\dimen309
\caption@indent=\dimen310
\caption@parindent=\dimen311
\caption@hangindent=\dimen312
Package caption Info: Standard document class detected.
)
\c@caption@flags=\count327
\c@continuedfloat=\count328
Package caption Info: changepage package is loaded.
\caption@adjustwidth@hsize=\dimen313
\caption@adjustwidth@linewidth=\dimen314
Package caption Info: float package is loaded.
)
\c@KVtest=\count329
\sf@farskip=\skip130
\sf@captopadj=\dimen315
\sf@capskip=\skip131
\sf@nearskip=\skip132
\c@subfigure=\count330
\c@subfigure@save=\count331
\c@lofdepth=\count332
\c@subtable=\count333
\c@subtable@save=\count334
\c@lotdepth=\count335
\sf@top=\skip133
\sf@bottom=\skip134
)
(./Definitions/journalnames.tex)
(/usr/share/texlive/texmf-dist/tex/latex/amscls/amsthm.sty
Package: amsthm 2020/05/29 v2.20.6
\thm@style=\toks52
\thm@bodyfont=\toks53
\thm@headfont=\toks54
\thm@notefont=\toks55
\thm@headpunct=\toks56
\thm@preskip=\skip135
\thm@postskip=\skip136
\thm@headsep=\skip137
\dth@everypar=\toks57
)
\c@theorem=\count336
\c@lemma=\count337
\c@corollary=\count338
\c@proposition=\count339
\c@characterization=\count340
\c@property=\count341
\c@problem=\count342
\c@example=\count343
\c@examplesanddefinitions=\count344
\c@remark=\count345
\c@definition=\count346
\c@hypothesis=\count347
\c@notation=\count348
\c@assumption=\count349
\c@algorithm=\count350

(/usr/share/texlive/texmf-dist/tex/latex/natbib/natbib.sty
Package: natbib 2010/09/13 8.31b (PWD, AO)
\bibhang=\skip138
\bibsep=\skip139
LaTeX Info: Redefining \cite on input line 694.
\c@NAT@ctr=\count351
)
(/usr/share/texlive/texmf-dist/tex/latex/koma-script/scrextend.sty
Package: scrextend 2021/11/13 v3.35 KOMA-Script package (extend other classes w
ith features of KOMA-Script classes)

(/usr/share/texlive/texmf-dist/tex/latex/koma-script/scrkbase.sty
Package: scrkbase 2021/11/13 v3.35 KOMA-Script package (KOMA-Script-dependent b
asics and keyval usage)

(/usr/share/texlive/texmf-dist/tex/latex/koma-script/scrbase.sty
Package: scrbase 2021/11/13 v3.35 KOMA-Script package (KOMA-Script-independent 
basics and keyval usage)

(/usr/share/texlive/texmf-dist/tex/latex/koma-script/scrlfile.sty
Package: scrlfile 2021/11/13 v3.35 KOMA-Script package (file load hooks)

(/usr/share/texlive/texmf-dist/tex/latex/koma-script/scrlfile-hook.sty
Package: scrlfile-hook 2021/11/13 v3.35 KOMA-Script package (using LaTeX hooks)


(/usr/share/texlive/texmf-dist/tex/latex/koma-script/scrlogo.sty
Package: scrlogo 2021/11/13 v3.35 KOMA-Script package (logo)
)))
Applying: [2021/05/01] Usage of raw or classic option list on input line 252.
Already applied: [0000/00/00] Usage of raw or classic option list on input line
 368.
)))
\MyLen=\skip140
\MyBox=\box74
\leftcolumnlength=\skip141
\extralength=\skip142
\fulllength=\skip143

(/usr/share/texlive/texmf-dist/tex/latex/geometry/geometry.sty
Package: geometry 2020/01/02 v5.9 Page Geometry

(/usr/share/texlive/texmf-dist/tex/generic/iftex/ifvtex.sty
Package: ifvtex 2019/10/25 v1.7 ifvtex legacy package. Use iftex instead.
)
\Gm@cnth=\count352
\Gm@cntv=\count353
\c@Gm@tempcnt=\count354
\Gm@bindingoffset=\dimen316
\Gm@wd@mp=\dimen317
\Gm@odd@mp=\dimen318
\Gm@even@mp=\dimen319
\Gm@layoutwidth=\dimen320
\Gm@layoutheight=\dimen321
\Gm@layouthoffset=\dimen322
\Gm@layoutvoffset=\dimen323
\Gm@dimlist=\toks58
)
(/usr/share/texlive/texmf-dist/tex/latex/newfloat/newfloat.sty
Package: newfloat 2019/09/02 v1.1l Defining new floating environments (AR)
)
Package newfloat Info: New float `listing' with options `' on input line 1597.
\c@listing=\count355
Package newfloat Info: float type `listing'=4 on input line 1597.
\c@lolistingdepth=\count356
Package newfloat Info: New float `boxenv' with options `name=Box' on input line
 1598.
\c@boxenv=\count357
Package newfloat Info: float type `boxenv'=8 on input line 1598.
\c@loboxenvdepth=\count358
Package newfloat Info: New float `chart' with options `' on input line 1599.
\c@chart=\count359
Package newfloat Info: float type `chart'=16 on input line 1599.
\c@lochartdepth=\count360
Package newfloat Info: New float `scheme' with options `' on input line 1600.
\c@scheme=\count361
Package newfloat Info: float type `scheme'=32 on input line 1600.
\c@loschemedepth=\count362
Package newfloat Info: New float `figurewide' with options `' on input line 160
1.
\c@figurewide=\count363
Package newfloat Info: float type `figurewide'=64 on input line 1601.
\c@lofigurewidedepth=\count364
\@justcentbox=\box75

(/usr/share/texlive/texmf-dist/tex/latex/seqsplit/seqsplit.sty
Package: seqsplit 2006/08/07 v0.1 Splitting long sequences (DNA, RNA, proteins,
 etc.) 
)
\cellWidtha=\skip144
\cellWidthb=\skip145
\cellWidthc=\skip146
\cellWidthd=\skip147
\cellWidthe=\skip148
\cellWidthf=\skip149
\cellWidthg=\skip150
\cellWidthh=\skip151
\cellWidthi=\skip152
\cellWidthj=\skip153
\cellWidthk=\skip154
\cellWidthl=\skip155
\cellWidthm=\skip156
\cellWidthn=\skip157
\cellWidtho=\skip158
\cellWidthp=\skip159
\cellWidthq=\skip160
\cellWidthr=\skip161
\cellWidths=\skip162
\cellWidtht=\skip163
\cellWidthu=\skip164
\cellWidthv=\skip165
\cellWidthw=\skip166
\cellWidthx=\skip167
\cellWidthy=\skip168
\cellWidthz=\skip169
\cellWidthA=\skip170
\cellWidthB=\skip171
\cellWidthC=\skip172
\cellWidthD=\skip173
\cellWidthE=\skip174
\cellWidthF=\skip175
\cellWidthG=\skip176
\cellWidthH=\skip177
\cellWidthI=\skip178
\cellWidthJ=\skip179
\cellWidthK=\skip180
\cellWidthL=\skip181
\cellWidthM=\skip182
\cellWidthN=\skip183
\cellWidthO=\skip184
\cellWidthP=\skip185
\cellWidthQ=\skip186
\cellWidthR=\skip187
\cellWidthS=\skip188
\cellWidthT=\skip189
\cellWidthU=\skip190
\cellWidthV=\skip191
\cellWidthW=\skip192
\cellWidthX=\skip193
\cellWidthY=\skip194
\cellWidthZ=\skip195
)
Package translations Info: No language package found. I am going to use `englis
h' as default language. on input line 187.

(/usr/share/texlive/texmf-dist/tex/latex/hyperref/hyperref.sty
Package: hyperref 2021-06-07 v7.00m Hypertext links for LaTeX

(/usr/share/texlive/texmf-dist/tex/generic/pdfescape/pdfescape.sty
Package: pdfescape 2019/12/09 v1.15 Implements pdfTeX's escape features (HO)
)
(/usr/share/texlive/texmf-dist/tex/latex/hycolor/hycolor.sty
Package: hycolor 2020-01-27 v1.10 Color options for hyperref/bookmark (HO)
)
(/usr/share/texlive/texmf-dist/tex/latex/letltxmacro/letltxmacro.sty
Package: letltxmacro 2019/12/03 v1.6 Let assignment for LaTeX macros (HO)
)
(/usr/share/texlive/texmf-dist/tex/latex/auxhook/auxhook.sty
Package: auxhook 2019-12-17 v1.6 Hooks for auxiliary files (HO)
)
\@linkdim=\dimen324
\Hy@linkcounter=\count365
\Hy@pagecounter=\count366

(/usr/share/texlive/texmf-dist/tex/latex/hyperref/pd1enc.def
File: pd1enc.def 2021-06-07 v7.00m Hyperref: PDFDocEncoding definition (HO)
Now handling font encoding PD1 ...
... no UTF-8 mapping file for font encoding PD1
)
(/usr/share/texlive/texmf-dist/tex/latex/hyperref/hyperref-langpatches.def
File: hyperref-langpatches.def 2021-06-07 v7.00m Hyperref: patches for babel la
nguages
)
(/usr/share/texlive/texmf-dist/tex/generic/intcalc/intcalc.sty
Package: intcalc 2019/12/15 v1.3 Expandable calculations with integers (HO)
)
(/usr/share/texlive/texmf-dist/tex/generic/etexcmds/etexcmds.sty
Package: etexcmds 2019/12/15 v1.7 Avoid name clashes with e-TeX commands (HO)
)
\Hy@SavedSpaceFactor=\count367

(/usr/share/texlive/texmf-dist/tex/latex/hyperref/puenc.def
File: puenc.def 2021-06-07 v7.00m Hyperref: PDF Unicode definition (HO)
Now handling font encoding PU ...
... no UTF-8 mapping file for font encoding PU
)
Package hyperref Info: Option `unicode' set `true' on input line 4073.
Package hyperref Info: Option `bookmarksopen' set `true' on input line 4073.
Package hyperref Info: Option `pdffitwindow' set `true' on input line 4073.
Package hyperref Info: Option `colorlinks' set `true' on input line 4073.
Package hyperref Info: Option `hyperfootnotes' set `true' on input line 4073.
Package hyperref Info: Hyper figures OFF on input line 4192.
Package hyperref Info: Link nesting OFF on input line 4197.
Package hyperref Info: Hyper index ON on input line 4200.
Package hyperref Info: Plain pages OFF on input line 4207.
Package hyperref Info: Backreferencing OFF on input line 4212.
Package hyperref Info: Implicit mode ON; LaTeX internals redefined.
Package hyperref Info: Bookmarks ON on input line 4445.
\c@Hy@tempcnt=\count368

(/usr/share/texlive/texmf-dist/tex/latex/url/url.sty
\Urlmuskip=\muskip18
Package: url 2013/09/16  ver 3.4  Verb mode for urls, etc.
)
LaTeX Info: Redefining \url on input line 4804.
\XeTeXLinkMargin=\dimen325

(/usr/share/texlive/texmf-dist/tex/generic/bitset/bitset.sty
Package: bitset 2019/12/09 v1.3 Handle bit-vector datatype (HO)

(/usr/share/texlive/texmf-dist/tex/generic/bigintcalc/bigintcalc.sty
Package: bigintcalc 2019/12/15 v1.5 Expandable calculations on big integers (HO
)
))
\Fld@menulength=\count369
\Field@Width=\dimen326
\Fld@charsize=\dimen327
Package hyperref Info: Hyper figures OFF on input line 6076.
Package hyperref Info: Link nesting OFF on input line 6081.
Package hyperref Info: Hyper index ON on input line 6084.
Package hyperref Info: backreferencing OFF on input line 6091.
Package hyperref Info: Link coloring ON on input line 6094.
Package hyperref Info: Link coloring with OCG OFF on input line 6101.
Package hyperref Info: PDF/A mode OFF on input line 6106.
LaTeX Info: Redefining \ref on input line 6146.
LaTeX Info: Redefining \pageref on input line 6150.

(/usr/share/texlive/texmf-dist/tex/latex/base/atbegshi-ltx.sty
Package: atbegshi-ltx 2021/01/10 v1.0c Emulation of the original atbegshi
package with kernel methods
)
\Hy@abspage=\count370
\c@Item=\count371
\c@Hfootnote=\count372
)
Package hyperref Info: Driver: hpdftex.

(/usr/share/texlive/texmf-dist/tex/latex/hyperref/hpdftex.def
File: hpdftex.def 2021-06-07 v7.00m Hyperref driver for pdfTeX

(/usr/share/texlive/texmf-dist/tex/latex/base/atveryend-ltx.sty
Package: atveryend-ltx 2020/08/19 v1.0a Emulation of the original atveryend pac
kage
with kernel methods
)
\Fld@listcount=\count373
\c@bookmark@seq@number=\count374

(/usr/share/texlive/texmf-dist/tex/latex/rerunfilecheck/rerunfilecheck.sty
Package: rerunfilecheck 2019/12/05 v1.9 Rerun checks for auxiliary files (HO)

(/usr/share/texlive/texmf-dist/tex/generic/uniquecounter/uniquecounter.sty
Package: uniquecounter 2019/12/15 v1.4 Provide unlimited unique counter (HO)
)
Package uniquecounter Info: New unique counter `rerunfilecheck' on input line 2
86.
)
\Hy@SectionHShift=\skip196
)
(/usr/share/texlive/texmf-dist/tex/latex/cleveref/cleveref.sty
Package: cleveref 2018/03/27 v0.21.4 Intelligent cross-referencing
Package cleveref Info: `hyperref' support loaded on input line 2370.
LaTeX Info: Redefining \cref on input line 2370.
LaTeX Info: Redefining \Cref on input line 2370.
LaTeX Info: Redefining \crefrange on input line 2370.
LaTeX Info: Redefining \Crefrange on input line 2370.
LaTeX Info: Redefining \cpageref on input line 2370.
LaTeX Info: Redefining \Cpageref on input line 2370.
LaTeX Info: Redefining \cpagerefrange on input line 2370.
LaTeX Info: Redefining \Cpagerefrange on input line 2370.
LaTeX Info: Redefining \labelcref on input line 2370.
LaTeX Info: Redefining \labelcpageref on input line 2370.
Package cleveref Info: `amsthm' support loaded on input line 3026.
Package cleveref Info: `subfig' support loaded on input line 3164.
Package cleveref Info: always capitalise cross-reference names on input line 78
25.
Package cleveref Info: always capitalise cross-reference names on input line 78
52.
Package cleveref Info: no abbreviation of names on input line 7852.
)
LaTeX Font Info:    Trying to load font information for T1+ppl on input line 18
7.

(/usr/share/texlive/texmf-dist/tex/latex/psnfss/t1ppl.fd
File: t1ppl.fd 2001/06/04 font definitions for T1/ppl.
)
(./mdpi_submission.aux)
\openout1 = `mdpi_submission.aux'.

LaTeX Font Info:    Checking defaults for OML/cmm/m/it on input line 187.
LaTeX Font Info:    ... okay on input line 187.
LaTeX Font Info:    Checking defaults for OMS/cmsy/m/n on input line 187.
LaTeX Font Info:    ... okay on input line 187.
LaTeX Font Info:    Checking defaults for OT1/cmr/m/n on input line 187.
LaTeX Font Info:    ... okay on input line 187.
LaTeX Font Info:    Checking defaults for T1/cmr/m/n on input line 187.
LaTeX Font Info:    ... okay on input line 187.
LaTeX Font Info:    Checking defaults for TS1/cmr/m/n on input line 187.
LaTeX Font Info:    ... okay on input line 187.
LaTeX Font Info:    Checking defaults for OMX/cmex/m/n on input line 187.
LaTeX Font Info:    ... okay on input line 187.
LaTeX Font Info:    Checking defaults for U/cmr/m/n on input line 187.
LaTeX Font Info:    ... okay on input line 187.
LaTeX Font Info:    Checking defaults for PD1/pdf/m/n on input line 187.
LaTeX Font Info:    ... okay on input line 187.
LaTeX Font Info:    Checking defaults for PU/pdf/m/n on input line 187.
LaTeX Font Info:    ... okay on input line 187.

(/usr/share/texlive/texmf-dist/tex/context/base/mkii/supp-pdf.mkii
[Loading MPS to PDF converter (version 2006.09.02).]
\scratchcounter=\count375
\scratchdimen=\dimen328
\scratchbox=\box76
\nofMPsegments=\count376
\nofMParguments=\count377
\everyMPshowfont=\toks59
\MPscratchCnt=\count378
\MPscratchDim=\dimen329
\MPnumerator=\count379
\makeMPintoPDFobject=\count380
\everyMPtoPDFconversion=\toks60
)
Package lastpage Info: Please have a look at the pageslts package at
(lastpage)             https://www.ctan.org/pkg/pageslts
(lastpage)             ! on input line 187.
LaTeX Info: Redefining \microtypecontext on input line 187.
Package microtype Info: Applying patch `item' on input line 187.
Package microtype Info: Applying patch `toc' on input line 187.
Package microtype Info: Applying patch `eqnum' on input line 187.
Package microtype Info: Applying patch `footnote' on input line 187.
Package microtype Info: Generating PDF output.
Package microtype Info: Character protrusion enabled (level 2).
Package microtype Info: Using default protrusion set `alltext'.
Package microtype Info: Automatic font expansion enabled (level 2),
(microtype)             stretch: 20, shrink: 20, step: 1, non-selected.
Package microtype Info: Using default expansion set `alltext-nott'.
LaTeX Info: Redefining \showhyphens on input line 187.
Package microtype Info: No adjustment of tracking.
Package microtype Info: No adjustment of interword spacing.
Package microtype Info: No adjustment of character kerning.
 (/usr/share/texlive/texmf-dist/tex/latex/microtype/mt-ppl.cfg
File: mt-ppl.cfg 2005/11/16 v1.6 microtype config. file: Palatino (RS)
)
(/usr/share/texlive/texmf-dist/tex/latex/translations/translations-basic-dictio
nary-english.trsl
File: translations-basic-dictionary-english.trsl (english translation file `tra
nslations-basic-dictionary')
)
Package translations Info: loading dictionary `translations-basic-dictionary' f
or `english'. on input line 187.
Package caption Info: Begin \AtBeginDocument code.
Package caption Info: subfig package v1.3 is loaded.
Package caption Info: hyperref package is loaded.
Package caption Info: End \AtBeginDocument code.

*geometry* detected driver: pdftex
*geometry* verbose mode - [ preamble ] result:
* driver: pdftex
* paper: <default>
* layout: <same size as paper>
* layoutoffset:(h,v)=(0.0pt,0.0pt)
* modes: includehead includefoot 
* h-part:(L,W,R)=(167.01753pt, 394.35522pt, 36.13512pt)
* v-part:(T,H,B)=(36.13512pt, 778.18271pt, 30.72902pt)
* \paperwidth=597.50787pt
* \paperheight=845.04684pt
* \textwidth=394.35522pt
* \textheight=706.18271pt
* \oddsidemargin=94.74754pt
* \evensidemargin=94.74754pt
* \topmargin=-36.13487pt
* \headheight=12.0pt
* \headsep=24.0pt
* \topskip=10.0pt
* \footskip=36.0pt
* \marginparwidth=116.65646pt
* \marginparsep=14.51074pt
* \columnsep=10.0pt
* \skip\footins=17.07182pt
* \hoffset=0.0pt
* \voffset=0.0pt
* \mag=1000
* \@twocolumnfalse
* \@twosidefalse
* \@mparswitchfalse
* \@reversemargintrue
* (1in=72.27pt=25.4mm, 1cm=28.453pt)

Package newfloat Info: `float' package detected.
Package hyperref Info: Link coloring ON on input line 187.
(/usr/share/texlive/texmf-dist/tex/latex/hyperref/nameref.sty
Package: nameref 2021-04-02 v2.47 Cross-referencing by name of section

(/usr/share/texlive/texmf-dist/tex/generic/gettitlestring/gettitlestring.sty
Package: gettitlestring 2019/12/15 v1.6 Cleanup title references (HO)
)
\c@section@level=\count381
)
LaTeX Info: Redefining \ref on input line 187.
LaTeX Info: Redefining \pageref on input line 187.
LaTeX Info: Redefining \nameref on input line 187.

(./mdpi_submission.out) (./mdpi_submission.out)
\@outlinefile=\write4
\openout4 = `mdpi_submission.out'.

LaTeX Font Info:    Trying to load font information for TS1+ppl on input line 1
87.

(/usr/share/texlive/texmf-dist/tex/latex/psnfss/ts1ppl.fd
File: ts1ppl.fd 2001/06/04 font definitions for TS1/ppl.
)
LaTeX Font Info:    Trying to load font information for T1+cmtt on input line 1
87.

(/usr/share/texlive/texmf-dist/tex/latex/base/t1cmtt.fd
File: t1cmtt.fd 2019/12/16 v2.5j Standard LaTeX font definitions
)
Package microtype Info: Loading generic protrusion settings for font family
(microtype)             `cmtt' (encoding: T1).
(microtype)             For optimal results, create family-specific settings.
(microtype)             See the microtype manual for details.
LaTeX Font Info:    Trying to load font information for OT1+ppl on input line 1
87.

(/usr/share/texlive/texmf-dist/tex/latex/psnfss/ot1ppl.fd
File: ot1ppl.fd 2001/06/04 font definitions for OT1/ppl.
)
LaTeX Font Info:    Trying to load font information for OML+zplm on input line 
187.

(/usr/share/texlive/texmf-dist/tex/latex/psnfss/omlzplm.fd
File: omlzplm.fd 2002/09/08 Fontinst v1.914 font definitions for OML/zplm.
)
LaTeX Font Info:    Trying to load font information for OMS+zplm on input line 
187.

(/usr/share/texlive/texmf-dist/tex/latex/psnfss/omszplm.fd
File: omszplm.fd 2002/09/08 Fontinst v1.914 font definitions for OMS/zplm.
)
LaTeX Font Info:    Trying to load font information for OMX+zplm on input line 
187.

(/usr/share/texlive/texmf-dist/tex/latex/psnfss/omxzplm.fd
File: omxzplm.fd 2002/09/08 Fontinst v1.914 font definitions for OMX/zplm.
)
LaTeX Font Info:    Font shape `U/msa/m/n' will be
(Font)              scaled to size 7.29405pt on input line 187.

(/usr/share/texlive/texmf-dist/tex/latex/microtype/mt-msa.cfg
File: mt-msa.cfg 2006/02/04 v1.1 microtype config. file: AMS symbols (a) (RS)
)
LaTeX Font Info:    Font shape `U/msa/m/n' will be
(Font)              scaled to size 5.21004pt on input line 187.
LaTeX Font Info:    Font shape `U/msb/m/n' will be
(Font)              scaled to size 7.29405pt on input line 187.

(/usr/share/texlive/texmf-dist/tex/latex/microtype/mt-msb.cfg
File: mt-msb.cfg 2005/06/01 v1.0 microtype config. file: AMS symbols (b) (RS)
)
LaTeX Font Info:    Font shape `U/msb/m/n' will be
(Font)              scaled to size 5.21004pt on input line 187.
LaTeX Font Info:    Trying to load font information for OT1+zplm on input line 
187.

(/usr/share/texlive/texmf-dist/tex/latex/psnfss/ot1zplm.fd
File: ot1zplm.fd 2002/09/08 Fontinst v1.914 font definitions for OT1/zplm.
)
Package microtype Info: Loading generic protrusion settings for font family
(microtype)             `zplm' (encoding: OT1).
(microtype)             For optimal results, create family-specific settings.
(microtype)             See the microtype manual for details.

(/usr/share/texlive/texmf-dist/tex/latex/microtype/mt-eur.cfg
File: mt-eur.cfg 2006/07/31 v1.1 microtype config. file: AMS Euler Roman (RS)
)
LaTeX Font Info:    Font shape `U/msa/m/n' will be
(Font)              scaled to size 10.42007pt on input line 187.
LaTeX Font Info:    Font shape `U/msa/m/n' will be
(Font)              scaled to size 7.91925pt on input line 187.
LaTeX Font Info:    Font shape `U/msa/m/n' will be
(Font)              scaled to size 6.25204pt on input line 187.
LaTeX Font Info:    Font shape `U/msb/m/n' will be
(Font)              scaled to size 10.42007pt on input line 187.
LaTeX Font Info:    Font shape `U/msb/m/n' will be
(Font)              scaled to size 7.91925pt on input line 187.
LaTeX Font Info:    Font shape `U/msb/m/n' will be
(Font)              scaled to size 6.25204pt on input line 187.
LaTeX Font Info:    Redeclaring symbol font `AMSb' on input line 187.
LaTeX Font Info:    Overwriting symbol font `AMSb' in version `normal'
(Font)                  U/msb/m/n --> U/msb/m/n on input line 187.
LaTeX Font Info:    Overwriting symbol font `AMSb' in version `bold'
(Font)                  U/msb/m/n --> U/msb/m/n on input line 187.
Package marginnote Info: Margin note 1.1 is on absolute page 1 on input line 18
7.
Package marginnote Info: right page because not two side mode on input line 187
.
Package marginnote Info: xpos seems to be 167.01753pt on input line 187.
Package epstopdf Info: Source file: <Definitions/logo-mdpi.eps>
(epstopdf)                    date: 2025-04-02 12:55:51
(epstopdf)                    size: 563678 bytes
(epstopdf)             Output file: <Definitions/logo-mdpi-eps-converted-to.pdf
>
(epstopdf)                    date: 2025-04-02 13:34:35
(epstopdf)                    size: 13159 bytes
(epstopdf)             Command: <repstopdf --outfile=Definitions/logo-mdpi-eps-
converted-to.pdf Definitions/logo-mdpi.eps>
(epstopdf)             \includegraphics on input line 187.
Package epstopdf Info: Output file is already uptodate.
<Definitions/logo-mdpi-eps-converted-to.pdf, id=92, 74.2775pt x 49.18375pt>
File: Definitions/logo-mdpi-eps-converted-to.pdf Graphic file (type pdf)
<use Definitions/logo-mdpi-eps-converted-to.pdf>
Package pdftex.def Info: Definitions/logo-mdpi-eps-converted-to.pdf  used on in
put line 187.
(pdftex.def)             Requested size: 42.96877pt x 28.45274pt.
LaTeX Font Info:    Font shape `U/msa/m/n' will be
(Font)              scaled to size 8.33606pt on input line 187.
LaTeX Font Info:    Font shape `U/msb/m/n' will be
(Font)              scaled to size 8.33606pt on input line 187.
LaTeX Font Info:    Trying to load font information for T1+cmss on input line 1
87.

(/usr/share/texlive/texmf-dist/tex/latex/base/t1cmss.fd
File: t1cmss.fd 2019/12/16 v2.5j Standard LaTeX font definitions
)
Package microtype Info: Loading generic protrusion settings for font family
(microtype)             `cmss' (encoding: T1).
(microtype)             For optimal results, create family-specific settings.
(microtype)             See the microtype manual for details.


Package fancyhdr Warning: \headheight is too small (12.0pt): 
(fancyhdr)                Make it at least 23.60004pt, for example:
(fancyhdr)                \setlength{\headheight}{23.60004pt}.
(fancyhdr)                You might also make \topmargin smaller to compensate:

(fancyhdr)                \addtolength{\topmargin}{-11.60004pt}.

[1

{/var/lib/texmf/fonts/map/pdftex/updmap/pdftex.map} <./Definitions/logo-mdpi-ep
s-converted-to.pdf>]

Package fancyhdr Warning: \headheight is too small (12.0pt): 
(fancyhdr)                Make it at least 24.18796pt, for example:
(fancyhdr)                \setlength{\headheight}{24.18796pt}.
(fancyhdr)                You might also make \topmargin smaller to compensate:

(fancyhdr)                \addtolength{\topmargin}{-12.18796pt}.

[2]

Package fancyhdr Warning: \headheight is too small (12.0pt): 
(fancyhdr)                Make it at least 24.18796pt, for example:
(fancyhdr)                \setlength{\headheight}{24.18796pt}.
(fancyhdr)                You might also make \topmargin smaller to compensate:

(fancyhdr)                \addtolength{\topmargin}{-12.18796pt}.

[3]

Package fancyhdr Warning: \headheight is too small (12.0pt): 
(fancyhdr)                Make it at least 24.18796pt, for example:
(fancyhdr)                \setlength{\headheight}{24.18796pt}.
(fancyhdr)                You might also make \topmargin smaller to compensate:

(fancyhdr)                \addtolength{\topmargin}{-12.18796pt}.

[4]

Package fancyhdr Warning: \headheight is too small (12.0pt): 
(fancyhdr)                Make it at least 24.18796pt, for example:
(fancyhdr)                \setlength{\headheight}{24.18796pt}.
(fancyhdr)                You might also make \topmargin smaller to compensate:

(fancyhdr)                \addtolength{\topmargin}{-12.18796pt}.

[5]

Package fancyhdr Warning: \headheight is too small (12.0pt): 
(fancyhdr)                Make it at least 24.18796pt, for example:
(fancyhdr)                \setlength{\headheight}{24.18796pt}.
(fancyhdr)                You might also make \topmargin smaller to compensate:

(fancyhdr)                \addtolength{\topmargin}{-12.18796pt}.

[6]

Package fancyhdr Warning: \headheight is too small (12.0pt): 
(fancyhdr)                Make it at least 24.18796pt, for example:
(fancyhdr)                \setlength{\headheight}{24.18796pt}.
(fancyhdr)                You might also make \topmargin smaller to compensate:

(fancyhdr)                \addtolength{\topmargin}{-12.18796pt}.

[7]

Package fancyhdr Warning: \headheight is too small (12.0pt): 
(fancyhdr)                Make it at least 24.18796pt, for example:
(fancyhdr)                \setlength{\headheight}{24.18796pt}.
(fancyhdr)                You might also make \topmargin smaller to compensate:

(fancyhdr)                \addtolength{\topmargin}{-12.18796pt}.

[8]

Package fancyhdr Warning: \headheight is too small (12.0pt): 
(fancyhdr)                Make it at least 24.18796pt, for example:
(fancyhdr)                \setlength{\headheight}{24.18796pt}.
(fancyhdr)                You might also make \topmargin smaller to compensate:

(fancyhdr)                \addtolength{\topmargin}{-12.18796pt}.

[9]

Package fancyhdr Warning: \headheight is too small (12.0pt): 
(fancyhdr)                Make it at least 24.18796pt, for example:
(fancyhdr)                \setlength{\headheight}{24.18796pt}.
(fancyhdr)                You might also make \topmargin smaller to compensate:

(fancyhdr)                \addtolength{\topmargin}{-12.18796pt}.

[10] (./mdpi_submission.bbl

Package fancyhdr Warning: \headheight is too small (12.0pt): 
(fancyhdr)                Make it at least 24.18796pt, for example:
(fancyhdr)                \setlength{\headheight}{24.18796pt}.
(fancyhdr)                You might also make \topmargin smaller to compensate:

(fancyhdr)                \addtolength{\topmargin}{-12.18796pt}.

[11])

Package fancyhdr Warning: \headheight is too small (12.0pt): 
(fancyhdr)                Make it at least 24.18796pt, for example:
(fancyhdr)                \setlength{\headheight}{24.18796pt}.
(fancyhdr)                You might also make \topmargin smaller to compensate:

(fancyhdr)                \addtolength{\topmargin}{-12.18796pt}.

[12]
Underfull \hbox (badness 10000) in paragraph at lines 521--521
[]|\T1/ppl/m/n/10 (+20) Nanyang Tech-no-log-i-cal
 []


Underfull \hbox (badness 3713) in paragraph at lines 521--521
[]|\T1/ppl/m/n/10 (+20) Liverpool John Moores
 []


Underfull \hbox (badness 6380) in paragraph at lines 521--521
[]|\T1/ppl/m/n/10 (+20) Universidad Politc-nica
 []


Underfull \hbox (badness 10000) in paragraph at lines 521--521
[]|\T1/ppl/m/n/10 (+20) Korea Mar-itime and
 []


Underfull \hbox (badness 1609) in paragraph at lines 521--521
[]|\T1/ppl/m/n/10 (+20) Zhejiang Ocean Uni-ver-
 []


Underfull \hbox (badness 2359) in paragraph at lines 521--521
[]|\T1/ppl/m/n/10 (+20) National Tech-ni-cal Uni-
 []


Underfull \hbox (badness 10000) in paragraph at lines 521--521
[]|\T1/ppl/m/n/10 (+20) University of South-
 []


Package fancyhdr Warning: \headheight is too small (12.0pt): 
(fancyhdr)                Make it at least 24.18796pt, for example:
(fancyhdr)                \setlength{\headheight}{24.18796pt}.
(fancyhdr)                You might also make \topmargin smaller to compensate:

(fancyhdr)                \addtolength{\topmargin}{-12.18796pt}.

[13]

Package fancyhdr Warning: \headheight is too small (12.0pt): 
(fancyhdr)                Make it at least 24.18796pt, for example:
(fancyhdr)                \setlength{\headheight}{24.18796pt}.
(fancyhdr)                You might also make \topmargin smaller to compensate:

(fancyhdr)                \addtolength{\topmargin}{-12.18796pt}.

[14]
Underfull \hbox (badness 10000) in paragraph at lines 575--575
[]|\T1/ppl/m/n/10 (+20) Publication
 []


Underfull \hbox (badness 10000) in paragraph at lines 575--575
[]|[][]$\T1/ppl/m/n/10 (+20) https : / / doi . org / 1 0 . 1 0 8 0 / 0 3 0 8 8 
8
 []


Underfull \hbox (badness 4608) in paragraph at lines 575--575
\T1/ppl/m/n/10 (+20) itime Cy-ber-se-cu-rity Land-scape
 []


Underfull \hbox (badness 10000) in paragraph at lines 575--575
[]|[][]$\T1/ppl/m/n/10 (+20) https : / / doi . org / 1 0 . 1 0 1 6 / j . tre . 
2 0
 []


Underfull \hbox (badness 10000) in paragraph at lines 575--575
[]|[][]$\T1/ppl/m/n/10 (+20) https : / / doi . org / 1 0 . 1 0 8 0 / 0 1 4 4 1 
6
 []


Underfull \hbox (badness 10000) in paragraph at lines 575--575
[]|[][]$\T1/ppl/m/n/10 (+20) https : / / doi . org / 1 0 . 3 3 9 0 / app 1 4 1
 []


Underfull \hbox (badness 10000) in paragraph at lines 575--575
[]|[][]$\T1/ppl/m/n/10 (+6) https : / / doi . org / 1 0 . 1 1 0 9 / tits . 2 0 
1 9
 []


Underfull \hbox (badness 10000) in paragraph at lines 575--575
[]|[][]$\T1/ppl/m/n/10 (+20) https : / / doi . org / 1 0 . 3 3 9 0 / s 1 9 0 4 
0
 []


Underfull \hbox (badness 10000) in paragraph at lines 575--575
[]|[][]$\T1/ppl/m/n/10 (+20) https : / / doi . org / 1 0 . 3 3 9 0 / info 1 3 0

 []


Package fancyhdr Warning: \headheight is too small (12.0pt): 
(fancyhdr)                Make it at least 24.18796pt, for example:
(fancyhdr)                \setlength{\headheight}{24.18796pt}.
(fancyhdr)                You might also make \topmargin smaller to compensate:

(fancyhdr)                \addtolength{\topmargin}{-12.18796pt}.

[15]

Package fancyhdr Warning: \headheight is too small (12.0pt): 
(fancyhdr)                Make it at least 24.18796pt, for example:
(fancyhdr)                \setlength{\headheight}{24.18796pt}.
(fancyhdr)                You might also make \topmargin smaller to compensate:

(fancyhdr)                \addtolength{\topmargin}{-12.18796pt}.

[16]
Underfull \hbox (badness 10000) in paragraph at lines 617--617
[]|\T1/ppl/m/n/10 (+20) Artificial in-tel-li-gence,
 []


Underfull \hbox (badness 10000) in paragraph at lines 617--617
[]|\T1/ppl/m/n/10 (+20) Blockchain con-cep-tual
 []


Package fancyhdr Warning: \headheight is too small (12.0pt): 
(fancyhdr)                Make it at least 24.18796pt, for example:
(fancyhdr)                \setlength{\headheight}{24.18796pt}.
(fancyhdr)                You might also make \topmargin smaller to compensate:

(fancyhdr)                \addtolength{\topmargin}{-12.18796pt}.

[17]
Package epstopdf Info: Source file: <pics/overall_diagram.eps>
(epstopdf)                    date: 2025-03-27 09:35:45
(epstopdf)                    size: 310264 bytes
(epstopdf)             Output file: <pics/overall_diagram-eps-converted-to.pdf>

(epstopdf)                    date: 2025-03-27 13:23:47
(epstopdf)                    size: 59113 bytes
(epstopdf)             Command: <repstopdf --outfile=pics/overall_diagram-eps-c
onverted-to.pdf pics/overall_diagram.eps>
(epstopdf)             \includegraphics on input line 641.
Package epstopdf Info: Output file is already uptodate.
<pics/overall_diagram-eps-converted-to.pdf, id=333, 799.98875pt x 438.63875pt>
File: pics/overall_diagram-eps-converted-to.pdf Graphic file (type pdf)
<use pics/overall_diagram-eps-converted-to.pdf>
Package pdftex.def Info: pics/overall_diagram-eps-converted-to.pdf  used on inp
ut line 641.
(pdftex.def)             Requested size: 394.35522pt x 216.22662pt.
Package epstopdf Info: Source file: <pics/no_publications_year.eps>
(epstopdf)                    date: 2025-02-17 07:51:28
(epstopdf)                    size: 234636 bytes
(epstopdf)             Output file: <pics/no_publications_year-eps-converted-to
.pdf>
(epstopdf)                    date: 2025-02-17 07:51:28
(epstopdf)                    size: 90001 bytes
(epstopdf)             Command: <repstopdf --outfile=pics/no_publications_year-
eps-converted-to.pdf pics/no_publications_year.eps>
(epstopdf)             \includegraphics on input line 647.
Package epstopdf Info: Output file is already uptodate.
<pics/no_publications_year-eps-converted-to.pdf, id=334, 714.67pt x 426.59375pt
>
File: pics/no_publications_year-eps-converted-to.pdf Graphic file (type pdf)
<use pics/no_publications_year-eps-converted-to.pdf>
Package pdftex.def Info: pics/no_publications_year-eps-converted-to.pdf  used o
n input line 647.
(pdftex.def)             Requested size: 394.35522pt x 235.39537pt.


Package fancyhdr Warning: \headheight is too small (12.0pt): 
(fancyhdr)                Make it at least 24.18796pt, for example:
(fancyhdr)                \setlength{\headheight}{24.18796pt}.
(fancyhdr)                You might also make \topmargin smaller to compensate:

(fancyhdr)                \addtolength{\topmargin}{-12.18796pt}.

[18 <./pics/overall_diagram-eps-converted-to.pdf>]
Package epstopdf Info: Source file: <pics/leading_authors.eps>
(epstopdf)                    date: 2025-02-17 07:51:28
(epstopdf)                    size: 208591 bytes
(epstopdf)             Output file: <pics/leading_authors-eps-converted-to.pdf>

(epstopdf)                    date: 2025-02-17 07:51:28
(epstopdf)                    size: 113300 bytes
(epstopdf)             Command: <repstopdf --outfile=pics/leading_authors-eps-c
onverted-to.pdf pics/leading_authors.eps>
(epstopdf)             \includegraphics on input line 653.
Package epstopdf Info: Output file is already uptodate.
<pics/leading_authors-eps-converted-to.pdf, id=341, 715.67375pt x 426.59375pt>
File: pics/leading_authors-eps-converted-to.pdf Graphic file (type pdf)
<use pics/leading_authors-eps-converted-to.pdf>
Package pdftex.def Info: pics/leading_authors-eps-converted-to.pdf  used on inp
ut line 653.
(pdftex.def)             Requested size: 355.4226pt x 211.85696pt.
Package epstopdf Info: Source file: <pics/leading_institutions.eps>
(epstopdf)                    date: 2025-02-17 07:51:28
(epstopdf)                    size: 231725 bytes
(epstopdf)             Output file: <pics/leading_institutions-eps-converted-to
.pdf>
(epstopdf)                    date: 2025-02-17 07:51:28
(epstopdf)                    size: 129109 bytes
(epstopdf)             Command: <repstopdf --outfile=pics/leading_institutions-
eps-converted-to.pdf pics/leading_institutions.eps>
(epstopdf)             \includegraphics on input line 654.
Package epstopdf Info: Output file is already uptodate.
<pics/leading_institutions-eps-converted-to.pdf, id=342, 715.67375pt x 426.5937
5pt>
File: pics/leading_institutions-eps-converted-to.pdf Graphic file (type pdf)
<use pics/leading_institutions-eps-converted-to.pdf>
Package pdftex.def Info: pics/leading_institutions-eps-converted-to.pdf  used o
n input line 654.
(pdftex.def)             Requested size: 355.4226pt x 211.85696pt.
Package epstopdf Info: Source file: <pics/leading_countries.eps>
(epstopdf)                    date: 2025-02-17 07:51:28
(epstopdf)                    size: 157930 bytes
(epstopdf)             Output file: <pics/leading_countries-eps-converted-to.pd
f>
(epstopdf)                    date: 2025-02-17 07:51:28
(epstopdf)                    size: 88062 bytes
(epstopdf)             Command: <repstopdf --outfile=pics/leading_countries-eps
-converted-to.pdf pics/leading_countries.eps>
(epstopdf)             \includegraphics on input line 655.
Package epstopdf Info: Output file is already uptodate.
<pics/leading_countries-eps-converted-to.pdf, id=343, 715.67375pt x 426.59375pt
>
File: pics/leading_countries-eps-converted-to.pdf Graphic file (type pdf)
<use pics/leading_countries-eps-converted-to.pdf>
Package pdftex.def Info: pics/leading_countries-eps-converted-to.pdf  used on i
nput line 655.
(pdftex.def)             Requested size: 355.4226pt x 211.85696pt.


Package fancyhdr Warning: \headheight is too small (12.0pt): 
(fancyhdr)                Make it at least 24.18796pt, for example:
(fancyhdr)                \setlength{\headheight}{24.18796pt}.
(fancyhdr)                You might also make \topmargin smaller to compensate:

(fancyhdr)                \addtolength{\topmargin}{-12.18796pt}.

[19 <./pics/no_publications_year-eps-converted-to.pdf>]
Package epstopdf Info: Source file: <pics/coauthorship_degree_distribution.eps>

(epstopdf)                    date: 2025-02-17 07:51:28
(epstopdf)                    size: 121349 bytes
(epstopdf)             Output file: <pics/coauthorship_degree_distribution-eps-
converted-to.pdf>
(epstopdf)                    date: 2025-02-17 07:51:28
(epstopdf)                    size: 21201 bytes
(epstopdf)             Command: <repstopdf --outfile=pics/coauthorship_degree_d
istribution-eps-converted-to.pdf pics/coauthorship_degree_distribution.eps>
(epstopdf)             \includegraphics on input line 661.
Package epstopdf Info: Output file is already uptodate.
<pics/coauthorship_degree_distribution-eps-converted-to.pdf, id=351, 621.32124p
t x 394.47375pt>
File: pics/coauthorship_degree_distribution-eps-converted-to.pdf Graphic file (
type pdf)
<use pics/coauthorship_degree_distribution-eps-converted-to.pdf>
Package pdftex.def Info: pics/coauthorship_degree_distribution-eps-converted-to
.pdf  used on input line 661.
(pdftex.def)             Requested size: 222.45248pt x 141.23438pt.
Package epstopdf Info: Source file: <pics/coauthorship_degree_distribution_logl
og_chart.eps>
(epstopdf)                    date: 2025-02-17 07:51:28
(epstopdf)                    size: 158179 bytes
(epstopdf)             Output file: <pics/coauthorship_degree_distribution_logl
og_chart-eps-converted-to.pdf>
(epstopdf)                    date: 2025-02-17 07:51:28
(epstopdf)                    size: 61187 bytes
(epstopdf)             Command: <repstopdf --outfile=pics/coauthorship_degree_d
istribution_loglog_chart-eps-converted-to.pdf pics/coauthorship_degree_distribu
tion_loglog_chart.eps>
(epstopdf)             \includegraphics on input line 662.
Package epstopdf Info: Output file is already uptodate.
<pics/coauthorship_degree_distribution_loglog_chart-eps-converted-to.pdf, id=35
2, 481.8pt x 391.4625pt>
File: pics/coauthorship_degree_distribution_loglog_chart-eps-converted-to.pdf G
raphic file (type pdf)
<use pics/coauthorship_degree_distribution_loglog_chart-eps-converted-to.pdf>
Package pdftex.def Info: pics/coauthorship_degree_distribution_loglog_chart-eps
-converted-to.pdf  used on input line 662.
(pdftex.def)             Requested size: 173.83014pt x 141.23438pt.


Package fancyhdr Warning: \headheight is too small (12.0pt): 
(fancyhdr)                Make it at least 24.18796pt, for example:
(fancyhdr)                \setlength{\headheight}{24.18796pt}.
(fancyhdr)                You might also make \topmargin smaller to compensate:

(fancyhdr)                \addtolength{\topmargin}{-12.18796pt}.

[20 <./pics/leading_authors-eps-converted-to.pdf> <./pics/leading_institutions-
eps-converted-to.pdf> <./pics/leading_countries-eps-converted-to.pdf>]
Package epstopdf Info: Source file: <pics/co-authorship_communities.eps>
(epstopdf)                    date: 2025-02-17 07:51:28
(epstopdf)                    size: 457454 bytes
(epstopdf)             Output file: <pics/co-authorship_communities-eps-convert
ed-to.pdf>
(epstopdf)                    date: 2025-02-17 07:51:28
(epstopdf)                    size: 169534 bytes
(epstopdf)             Command: <repstopdf --outfile=pics/co-authorship_communi
ties-eps-converted-to.pdf pics/co-authorship_communities.eps>
(epstopdf)             \includegraphics on input line 668.
Package epstopdf Info: Output file is already uptodate.
<pics/co-authorship_communities-eps-converted-to.pdf, id=363, 736.7525pt x 736.
7525pt>
File: pics/co-authorship_communities-eps-converted-to.pdf Graphic file (type pd
f)
<use pics/co-authorship_communities-eps-converted-to.pdf>
Package pdftex.def Info: pics/co-authorship_communities-eps-converted-to.pdf  u
sed on input line 668.
(pdftex.def)             Requested size: 394.35522pt x 394.35542pt.


Package fancyhdr Warning: \headheight is too small (12.0pt): 
(fancyhdr)                Make it at least 24.18796pt, for example:
(fancyhdr)                \setlength{\headheight}{24.18796pt}.
(fancyhdr)                You might also make \topmargin smaller to compensate:

(fancyhdr)                \addtolength{\topmargin}{-12.18796pt}.

[21 <./pics/coauthorship_degree_distribution-eps-converted-to.pdf> <./pics/coau
thorship_degree_distribution_loglog_chart-eps-converted-to.pdf>]
Package epstopdf Info: Source file: <pics/coauthorship_inst_per_partition.eps>
(epstopdf)                    date: 2025-02-17 07:51:28
(epstopdf)                    size: 176350 bytes
(epstopdf)             Output file: <pics/coauthorship_inst_per_partition-eps-c
onverted-to.pdf>
(epstopdf)                    date: 2025-02-17 07:51:28
(epstopdf)                    size: 29429 bytes
(epstopdf)             Command: <repstopdf --outfile=pics/coauthorship_inst_per
_partition-eps-converted-to.pdf pics/coauthorship_inst_per_partition.eps>
(epstopdf)             \includegraphics on input line 674.
Package epstopdf Info: Output file is already uptodate.
<pics/coauthorship_inst_per_partition-eps-converted-to.pdf, id=372, 380.42125pt
 x 300.12125pt>
File: pics/coauthorship_inst_per_partition-eps-converted-to.pdf Graphic file (t
ype pdf)
<use pics/coauthorship_inst_per_partition-eps-converted-to.pdf>
Package pdftex.def Info: pics/coauthorship_inst_per_partition-eps-converted-to.
pdf  used on input line 674.
(pdftex.def)             Requested size: 179.02438pt x 141.23438pt.
Package epstopdf Info: Source file: <pics/coauthorship_country_per_partition.ep
s>
(epstopdf)                    date: 2025-02-17 07:51:28
(epstopdf)                    size: 216225 bytes
(epstopdf)             Output file: <pics/coauthorship_country_per_partition-ep
s-converted-to.pdf>
(epstopdf)                    date: 2025-02-17 07:51:28
(epstopdf)                    size: 30800 bytes
(epstopdf)             Command: <repstopdf --outfile=pics/coauthorship_country_
per_partition-eps-converted-to.pdf pics/coauthorship_country_per_partition.eps>

(epstopdf)             \includegraphics on input line 675.
Package epstopdf Info: Output file is already uptodate.
<pics/coauthorship_country_per_partition-eps-converted-to.pdf, id=373, 379.4175
pt x 302.12875pt>
File: pics/coauthorship_country_per_partition-eps-converted-to.pdf Graphic file
 (type pdf)
<use pics/coauthorship_country_per_partition-eps-converted-to.pdf>
Package pdftex.def Info: pics/coauthorship_country_per_partition-eps-converted-
to.pdf  used on input line 675.
(pdftex.def)             Requested size: 177.36519pt x 141.23438pt.
Package epstopdf Info: Source file: <pics/coauthorship_inst_chord_1.eps>
(epstopdf)                    date: 2025-02-17 07:51:28
(epstopdf)                    size: 1341837 bytes
(epstopdf)             Output file: <pics/coauthorship_inst_chord_1-eps-convert
ed-to.pdf>
(epstopdf)                    date: 2025-02-17 07:51:28
(epstopdf)                    size: 445025 bytes
(epstopdf)             Command: <repstopdf --outfile=pics/coauthorship_inst_cho
rd_1-eps-converted-to.pdf pics/coauthorship_inst_chord_1.eps>
(epstopdf)             \includegraphics on input line 681.
Package epstopdf Info: Output file is already uptodate.
<pics/coauthorship_inst_chord_1-eps-converted-to.pdf, id=374, 431.6125pt x 414.
54875pt>
File: pics/coauthorship_inst_chord_1-eps-converted-to.pdf Graphic file (type pd
f)
<use pics/coauthorship_inst_chord_1-eps-converted-to.pdf>
Package pdftex.def Info: pics/coauthorship_inst_chord_1-eps-converted-to.pdf  u
sed on input line 681.
(pdftex.def)             Requested size: 220.57388pt x 211.85696pt.
Package epstopdf Info: Source file: <pics/coauthorship_inst_chord_2.eps>
(epstopdf)                    date: 2025-02-17 07:51:28
(epstopdf)                    size: 1341277 bytes
(epstopdf)             Output file: <pics/coauthorship_inst_chord_2-eps-convert
ed-to.pdf>
(epstopdf)                    date: 2025-02-17 07:51:28
(epstopdf)                    size: 431711 bytes
(epstopdf)             Command: <repstopdf --outfile=pics/coauthorship_inst_cho
rd_2-eps-converted-to.pdf pics/coauthorship_inst_chord_2.eps>
(epstopdf)             \includegraphics on input line 682.
Package epstopdf Info: Output file is already uptodate.
<pics/coauthorship_inst_chord_2-eps-converted-to.pdf, id=375, 425.59pt x 412.54
124pt>
File: pics/coauthorship_inst_chord_2-eps-converted-to.pdf Graphic file (type pd
f)
<use pics/coauthorship_inst_chord_2-eps-converted-to.pdf>
Package pdftex.def Info: pics/coauthorship_inst_chord_2-eps-converted-to.pdf  u
sed on input line 682.
(pdftex.def)             Requested size: 218.56111pt x 211.85696pt.
Package epstopdf Info: Source file: <pics/coauthorship_inst_chord_3.eps>
(epstopdf)                    date: 2025-02-17 07:51:28
(epstopdf)                    size: 1342877 bytes
(epstopdf)             Output file: <pics/coauthorship_inst_chord_3-eps-convert
ed-to.pdf>
(epstopdf)                    date: 2025-02-17 07:51:28
(epstopdf)                    size: 428293 bytes
(epstopdf)             Command: <repstopdf --outfile=pics/coauthorship_inst_cho
rd_3-eps-converted-to.pdf pics/coauthorship_inst_chord_3.eps>
(epstopdf)             \includegraphics on input line 683.
Package epstopdf Info: Output file is already uptodate.
<pics/coauthorship_inst_chord_3-eps-converted-to.pdf, id=376, 424.58624pt x 409
.53pt>
File: pics/coauthorship_inst_chord_3-eps-converted-to.pdf Graphic file (type pd
f)
<use pics/coauthorship_inst_chord_3-eps-converted-to.pdf>
Package pdftex.def Info: pics/coauthorship_inst_chord_3-eps-converted-to.pdf  u
sed on input line 683.
(pdftex.def)             Requested size: 219.65234pt x 211.85696pt.


Package fancyhdr Warning: \headheight is too small (12.0pt): 
(fancyhdr)                Make it at least 24.18796pt, for example:
(fancyhdr)                \setlength{\headheight}{24.18796pt}.
(fancyhdr)                You might also make \topmargin smaller to compensate:

(fancyhdr)                \addtolength{\topmargin}{-12.18796pt}.

[22 <./pics/co-authorship_communities-eps-converted-to.pdf> <./pics/coauthorshi
p_inst_per_partition-eps-converted-to.pdf> <./pics/coauthorship_country_per_par
tition-eps-converted-to.pdf>]
Package epstopdf Info: Source file: <pics/coauthorship_country_chord_1.eps>
(epstopdf)                    date: 2025-02-17 07:51:28
(epstopdf)                    size: 975586 bytes
(epstopdf)             Output file: <pics/coauthorship_country_chord_1-eps-conv
erted-to.pdf>
(epstopdf)                    date: 2025-02-17 07:51:28
(epstopdf)                    size: 321874 bytes
(epstopdf)             Command: <repstopdf --outfile=pics/coauthorship_country_
chord_1-eps-converted-to.pdf pics/coauthorship_country_chord_1.eps>
(epstopdf)             \includegraphics on input line 689.
Package epstopdf Info: Output file is already uptodate.
<pics/coauthorship_country_chord_1-eps-converted-to.pdf, id=387, 390.45876pt x 
387.4475pt>
File: pics/coauthorship_country_chord_1-eps-converted-to.pdf Graphic file (type
 pdf)
<use pics/coauthorship_country_chord_1-eps-converted-to.pdf>
Package pdftex.def Info: pics/coauthorship_country_chord_1-eps-converted-to.pdf
  used on input line 689.
(pdftex.def)             Requested size: 213.50777pt x 211.85696pt.
Package epstopdf Info: Source file: <pics/coauthorship_country_chord_2.eps>
(epstopdf)                    date: 2025-02-17 07:51:28
(epstopdf)                    size: 967994 bytes
(epstopdf)             Output file: <pics/coauthorship_country_chord_2-eps-conv
erted-to.pdf>
(epstopdf)                    date: 2025-02-17 07:51:28
(epstopdf)                    size: 301756 bytes
(epstopdf)             Command: <repstopdf --outfile=pics/coauthorship_country_
chord_2-eps-converted-to.pdf pics/coauthorship_country_chord_2.eps>
(epstopdf)             \includegraphics on input line 690.
Package epstopdf Info: Output file is already uptodate.
<pics/coauthorship_country_chord_2-eps-converted-to.pdf, id=388, 395.4775pt x 3
84.43625pt>
File: pics/coauthorship_country_chord_2-eps-converted-to.pdf Graphic file (type
 pdf)
<use pics/coauthorship_country_chord_2-eps-converted-to.pdf>
Package pdftex.def Info: pics/coauthorship_country_chord_2-eps-converted-to.pdf
  used on input line 690.
(pdftex.def)             Requested size: 217.94777pt x 211.85696pt.
Package epstopdf Info: Source file: <pics/coauthorship_country_chord_3.eps>
(epstopdf)                    date: 2025-02-17 07:51:28
(epstopdf)                    size: 967991 bytes
(epstopdf)             Output file: <pics/coauthorship_country_chord_3-eps-conv
erted-to.pdf>
(epstopdf)                    date: 2025-02-17 07:51:28
(epstopdf)                    size: 301808 bytes
(epstopdf)             Command: <repstopdf --outfile=pics/coauthorship_country_
chord_3-eps-converted-to.pdf pics/coauthorship_country_chord_3.eps>
(epstopdf)             \includegraphics on input line 691.
Package epstopdf Info: Output file is already uptodate.
<pics/coauthorship_country_chord_3-eps-converted-to.pdf, id=389, 390.45876pt x 
384.43625pt>
File: pics/coauthorship_country_chord_3-eps-converted-to.pdf Graphic file (type
 pdf)
<use pics/coauthorship_country_chord_3-eps-converted-to.pdf>
Package pdftex.def Info: pics/coauthorship_country_chord_3-eps-converted-to.pdf
  used on input line 691.
(pdftex.def)             Requested size: 215.18195pt x 211.85696pt.


Package fancyhdr Warning: \headheight is too small (12.0pt): 
(fancyhdr)                Make it at least 24.18796pt, for example:
(fancyhdr)                \setlength{\headheight}{24.18796pt}.
(fancyhdr)                You might also make \topmargin smaller to compensate:

(fancyhdr)                \addtolength{\topmargin}{-12.18796pt}.

[23 <./pics/coauthorship_inst_chord_1-eps-converted-to.pdf> <./pics/coauthorshi
p_inst_chord_2-eps-converted-to.pdf> <./pics/coauthorship_inst_chord_3-eps-conv
erted-to.pdf>]
Package epstopdf Info: Source file: <pics/citation_degree_distribution.eps>
(epstopdf)                    date: 2025-02-17 07:51:28
(epstopdf)                    size: 143576 bytes
(epstopdf)             Output file: <pics/citation_degree_distribution-eps-conv
erted-to.pdf>
(epstopdf)                    date: 2025-02-17 07:51:28
(epstopdf)                    size: 34189 bytes
(epstopdf)             Command: <repstopdf --outfile=pics/citation_degree_distr
ibution-eps-converted-to.pdf pics/citation_degree_distribution.eps>
(epstopdf)             \includegraphics on input line 697.
Package epstopdf Info: Output file is already uptodate.
<pics/citation_degree_distribution-eps-converted-to.pdf, id=400, 579.16376pt x 
364.36125pt>
File: pics/citation_degree_distribution-eps-converted-to.pdf Graphic file (type
 pdf)
<use pics/citation_degree_distribution-eps-converted-to.pdf>
Package pdftex.def Info: pics/citation_degree_distribution-eps-converted-to.pdf
  used on input line 697.
(pdftex.def)             Requested size: 224.49432pt x 141.23438pt.
Package epstopdf Info: Source file: <pics/loglog_citation_degree_distribution.e
ps>
(epstopdf)                    date: 2025-02-17 07:51:28
(epstopdf)                    size: 159393 bytes
(epstopdf)             Output file: <pics/loglog_citation_degree_distribution-e
ps-converted-to.pdf>
(epstopdf)                    date: 2025-02-17 07:51:28
(epstopdf)                    size: 61290 bytes
(epstopdf)             Command: <repstopdf --outfile=pics/loglog_citation_degre
e_distribution-eps-converted-to.pdf pics/loglog_citation_degree_distribution.ep
s>
(epstopdf)             \includegraphics on input line 698.
Package epstopdf Info: Output file is already uptodate.
<pics/loglog_citation_degree_distribution-eps-converted-to.pdf, id=401, 479.792
5pt x 393.47pt>
File: pics/loglog_citation_degree_distribution-eps-converted-to.pdf Graphic fil
e (type pdf)
<use pics/loglog_citation_degree_distribution-eps-converted-to.pdf>
Package pdftex.def Info: pics/loglog_citation_degree_distribution-eps-converted
-to.pdf  used on input line 698.
(pdftex.def)             Requested size: 172.21268pt x 141.23438pt.


Package fancyhdr Warning: \headheight is too small (12.0pt): 
(fancyhdr)                Make it at least 24.18796pt, for example:
(fancyhdr)                \setlength{\headheight}{24.18796pt}.
(fancyhdr)                You might also make \topmargin smaller to compensate:

(fancyhdr)                \addtolength{\topmargin}{-12.18796pt}.

[24 <./pics/coauthorship_country_chord_1-eps-converted-to.pdf> <./pics/coauthor
ship_country_chord_2-eps-converted-to.pdf> <./pics/coauthorship_country_chord_3
-eps-converted-to.pdf>]
Package epstopdf Info: Source file: <pics/cocitation_communiities.eps>
(epstopdf)                    date: 2025-02-17 07:51:28
(epstopdf)                    size: 863142 bytes
(epstopdf)             Output file: <pics/cocitation_communiities-eps-converted
-to.pdf>
(epstopdf)                    date: 2025-02-17 07:51:28
(epstopdf)                    size: 225623 bytes
(epstopdf)             Command: <repstopdf --outfile=pics/cocitation_communiiti
es-eps-converted-to.pdf pics/cocitation_communiities.eps>
(epstopdf)             \includegraphics on input line 704.
Package epstopdf Info: Output file is already uptodate.
<pics/cocitation_communiities-eps-converted-to.pdf, id=412, 736.7525pt x 736.75
25pt>
File: pics/cocitation_communiities-eps-converted-to.pdf Graphic file (type pdf)

<use pics/cocitation_communiities-eps-converted-to.pdf>
Package pdftex.def Info: pics/cocitation_communiities-eps-converted-to.pdf  use
d on input line 704.
(pdftex.def)             Requested size: 394.35522pt x 394.35542pt.


Package fancyhdr Warning: \headheight is too small (12.0pt): 
(fancyhdr)                Make it at least 24.18796pt, for example:
(fancyhdr)                \setlength{\headheight}{24.18796pt}.
(fancyhdr)                You might also make \topmargin smaller to compensate:

(fancyhdr)                \addtolength{\topmargin}{-12.18796pt}.

[25 <./pics/citation_degree_distribution-eps-converted-to.pdf> <./pics/loglog_c
itation_degree_distribution-eps-converted-to.pdf>]
Package epstopdf Info: Source file: <pics/davis_bouldin.eps>
(epstopdf)                    date: 2025-02-17 11:01:44
(epstopdf)                    size: 93722 bytes
(epstopdf)             Output file: <pics/davis_bouldin-eps-converted-to.pdf>
(epstopdf)                    date: 2025-02-17 11:02:31
(epstopdf)                    size: 44602 bytes
(epstopdf)             Command: <repstopdf --outfile=pics/davis_bouldin-eps-con
verted-to.pdf pics/davis_bouldin.eps>
(epstopdf)             \includegraphics on input line 710.
Package epstopdf Info: Output file is already uptodate.
<pics/davis_bouldin-eps-converted-to.pdf, id=422, 421.575pt x 333.245pt>
File: pics/davis_bouldin-eps-converted-to.pdf Graphic file (type pdf)
<use pics/davis_bouldin-eps-converted-to.pdf>
Package pdftex.def Info: pics/davis_bouldin-eps-converted-to.pdf  used on input
 line 710.
(pdftex.def)             Requested size: 178.6749pt x 141.23438pt.
Package epstopdf Info: Source file: <pics/calinski.eps>
(epstopdf)                    date: 2025-02-17 11:01:36
(epstopdf)                    size: 88611 bytes
(epstopdf)             Output file: <pics/calinski-eps-converted-to.pdf>
(epstopdf)                    date: 2025-02-17 11:01:56
(epstopdf)                    size: 42114 bytes
(epstopdf)             Command: <repstopdf --outfile=pics/calinski-eps-converte
d-to.pdf pics/calinski.eps>
(epstopdf)             \includegraphics on input line 711.
Package epstopdf Info: Output file is already uptodate.
<pics/calinski-eps-converted-to.pdf, id=423, 428.60126pt x 332.24126pt>
File: pics/calinski-eps-converted-to.pdf Graphic file (type pdf)
<use pics/calinski-eps-converted-to.pdf>
Package pdftex.def Info: pics/calinski-eps-converted-to.pdf  used on input line
 711.
(pdftex.def)             Requested size: 182.19563pt x 141.23438pt.
Package epstopdf Info: Source file: <pics/wordcloud_1.eps>
(epstopdf)                    date: 2025-02-17 07:51:28
(epstopdf)                    size: 596493 bytes
(epstopdf)             Output file: <pics/wordcloud_1-eps-converted-to.pdf>
(epstopdf)                    date: 2025-02-17 10:23:56
(epstopdf)                    size: 216376 bytes
(epstopdf)             Command: <repstopdf --outfile=pics/wordcloud_1-eps-conve
rted-to.pdf pics/wordcloud_1.eps>
(epstopdf)             \includegraphics on input line 717.
Package epstopdf Info: Output file is already uptodate.
<pics/wordcloud_1-eps-converted-to.pdf, id=424, 571.13374pt x 309.155pt>
File: pics/wordcloud_1-eps-converted-to.pdf Graphic file (type pdf)
<use pics/wordcloud_1-eps-converted-to.pdf>
Package pdftex.def Info: pics/wordcloud_1-eps-converted-to.pdf  used on input l
ine 717.
(pdftex.def)             Requested size: 394.35522pt x 213.46341pt.


Package fancyhdr Warning: \headheight is too small (12.0pt): 
(fancyhdr)                Make it at least 24.18796pt, for example:
(fancyhdr)                \setlength{\headheight}{24.18796pt}.
(fancyhdr)                You might also make \topmargin smaller to compensate:

(fancyhdr)                \addtolength{\topmargin}{-12.18796pt}.

[26 <./pics/cocitation_communiities-eps-converted-to.pdf> <./pics/davis_bouldin
-eps-converted-to.pdf> <./pics/calinski-eps-converted-to.pdf>]
Package epstopdf Info: Source file: <pics/wordcloud_2.eps>
(epstopdf)                    date: 2025-02-17 07:51:28
(epstopdf)                    size: 602380 bytes
(epstopdf)             Output file: <pics/wordcloud_2-eps-converted-to.pdf>
(epstopdf)                    date: 2025-02-17 10:23:57
(epstopdf)                    size: 210646 bytes
(epstopdf)             Command: <repstopdf --outfile=pics/wordcloud_2-eps-conve
rted-to.pdf pics/wordcloud_2.eps>
(epstopdf)             \includegraphics on input line 723.
Package epstopdf Info: Output file is already uptodate.
<pics/wordcloud_2-eps-converted-to.pdf, id=436, 571.13374pt x 309.155pt>
File: pics/wordcloud_2-eps-converted-to.pdf Graphic file (type pdf)
<use pics/wordcloud_2-eps-converted-to.pdf>
Package pdftex.def Info: pics/wordcloud_2-eps-converted-to.pdf  used on input l
ine 723.
(pdftex.def)             Requested size: 394.35522pt x 213.46341pt.
Package epstopdf Info: Source file: <pics/main_concept_trend_toplevel.eps>
(epstopdf)                    date: 2025-02-17 11:45:48
(epstopdf)                    size: 261157 bytes
(epstopdf)             Output file: <pics/main_concept_trend_toplevel-eps-conve
rted-to.pdf>
(epstopdf)                    date: 2025-02-27 08:13:35
(epstopdf)                    size: 94347 bytes
(epstopdf)             Command: <repstopdf --outfile=pics/main_concept_trend_to
plevel-eps-converted-to.pdf pics/main_concept_trend_toplevel.eps>
(epstopdf)             \includegraphics on input line 729.
Package epstopdf Info: Output file is already uptodate.
<pics/main_concept_trend_toplevel-eps-converted-to.pdf, id=437, 822.07124pt x 3
74.39874pt>
File: pics/main_concept_trend_toplevel-eps-converted-to.pdf Graphic file (type 
pdf)
<use pics/main_concept_trend_toplevel-eps-converted-to.pdf>
Package pdftex.def Info: pics/main_concept_trend_toplevel-eps-converted-to.pdf 
 used on input line 729.
(pdftex.def)             Requested size: 394.35522pt x 179.6008pt.
Package epstopdf Info: Source file: <pics/main_concept_trend_lowerlevels.eps>
(epstopdf)                    date: 2025-02-17 13:34:25
(epstopdf)                    size: 207253 bytes
(epstopdf)             Output file: <pics/main_concept_trend_lowerlevels-eps-co
nverted-to.pdf>
(epstopdf)                    date: 2025-02-17 13:36:02
(epstopdf)                    size: 56411 bytes
(epstopdf)             Command: <repstopdf --outfile=pics/main_concept_trend_lo
werlevels-eps-converted-to.pdf pics/main_concept_trend_lowerlevels.eps>
(epstopdf)             \includegraphics on input line 735.
Package epstopdf Info: Output file is already uptodate.
<pics/main_concept_trend_lowerlevels-eps-converted-to.pdf, id=438, 803.0pt x 53
3.995pt>
File: pics/main_concept_trend_lowerlevels-eps-converted-to.pdf Graphic file (ty
pe pdf)
<use pics/main_concept_trend_lowerlevels-eps-converted-to.pdf>
Package pdftex.def Info: pics/main_concept_trend_lowerlevels-eps-converted-to.p
df  used on input line 735.
(pdftex.def)             Requested size: 394.35522pt x 262.25465pt.


Package fancyhdr Warning: \headheight is too small (12.0pt): 
(fancyhdr)                Make it at least 24.18796pt, for example:
(fancyhdr)                \setlength{\headheight}{24.18796pt}.
(fancyhdr)                You might also make \topmargin smaller to compensate:

(fancyhdr)                \addtolength{\topmargin}{-12.18796pt}.

[27 <./pics/wordcloud_1-eps-converted-to.pdf> <./pics/wordcloud_2-eps-converted
-to.pdf> <./pics/main_concept_trend_toplevel-eps-converted-to.pdf>]

AED: lastpage setting LastPage

Package fancyhdr Warning: \headheight is too small (12.0pt): 
(fancyhdr)                Make it at least 24.18796pt, for example:
(fancyhdr)                \setlength{\headheight}{24.18796pt}.
(fancyhdr)                You might also make \topmargin smaller to compensate:

(fancyhdr)                \addtolength{\topmargin}{-12.18796pt}.

[28 <./pics/main_concept_trend_lowerlevels-eps-converted-to.pdf>]
(./mdpi_submission.aux)
Package rerunfilecheck Info: File `mdpi_submission.out' has not changed.
(rerunfilecheck)             Checksum: 4A6E8EAC491D585B06345CF345CE9F0A;3282.
 ) 
Here is how much of TeX's memory you used:
 34074 strings out of 480171
 645601 string characters out of 5894489
 988542 words of memory out of 5000000
 50884 multiletter control sequences out of 15000+600000
 535559 words of font info for 370 fonts, out of 8000000 for 9000
 59 hyphenation exceptions out of 8191
 123i,12n,120p,5048b,696s stack positions out of 5000i,500n,10000p,200000b,80000s
 </root/.texlive2021/texmf-var/fonts/pk/ljfour/jknappen/ec/ecss0500.600pk>{/u
sr/share/texlive/texmf-dist/fonts/enc/dvips/base/8r.enc}</usr/share/texlive/tex
mf-dist/fonts/type1/urw/palatino/uplb8a.pfb></usr/share/texlive/texmf-dist/font
s/type1/urw/palatino/uplr8a.pfb></usr/share/texlive/texmf-dist/fonts/type1/urw/
palatino/uplri8a.pfb>
Output written on mdpi_submission.pdf (28 pages, 4120560 bytes).
PDF statistics:
 508 PDF objects out of 1000 (max. 8388607)
 384 compressed objects within 4 object streams
 108 named destinations out of 1000 (max. 500000)
 97583 words of extra memory for PDF output out of 106986 (max. 10000000)

