This is pdfTeX, Version 3.141592653-2.6-1.40.22 (TeX Live 2022/dev/Debian) (preloaded format=pdflatex 2023.12.9)  16 FEB 2025 11:11
entering extended mode
 restricted \write18 enabled.
 %&-line parsing enabled.
**dx_in_shipping.tex
(./dx_in_shipping.tex
LaTeX2e <2021-11-15> patch level 1
L3 programming layer <2022-01-21>
(/usr/share/texlive/texmf-dist/tex/latex/elsarticle/elsarticle.cls
Document Class: elsarticle 2020/11/20, 3.3: Elsevier Ltd
(/usr/share/texlive/texmf-dist/tex/latex/l3kernel/expl3.sty
Package: expl3 2022-01-21 L3 programming layer (loader) 

(/usr/share/texlive/texmf-dist/tex/latex/l3backend/l3backend-pdftex.def
File: l3backend-pdftex.def 2022-01-12 L3 backend support: PDF output (pdfTeX)
\l__color_backend_stack_int=\count185
\l__pdf_internal_box=\box50
))
(/usr/share/texlive/texmf-dist/tex/latex/l3packages/xparse/xparse.sty
Package: xparse 2022-01-12 L3 Experimental document command parser
)
(/usr/share/texlive/texmf-dist/tex/latex/etoolbox/etoolbox.sty
Package: etoolbox 2020/10/05 v2.5k e-TeX tools for LaTeX (JAW)
\etb@tempcnta=\count186
)
\@bls=\dimen138

(/usr/share/texlive/texmf-dist/tex/latex/base/article.cls
Document Class: article 2021/10/04 v1.4n Standard LaTeX document class
(/usr/share/texlive/texmf-dist/tex/latex/base/size10.clo
File: size10.clo 2021/10/04 v1.4n Standard LaTeX file (size option)
)
\c@part=\count187
\c@section=\count188
\c@subsection=\count189
\c@subsubsection=\count190
\c@paragraph=\count191
\c@subparagraph=\count192
\c@figure=\count193
\c@table=\count194
\abovecaptionskip=\skip47
\belowcaptionskip=\skip48
\bibindent=\dimen139
)
(/usr/share/texlive/texmf-dist/tex/latex/graphics/graphicx.sty
Package: graphicx 2021/09/16 v1.2d Enhanced LaTeX Graphics (DPC,SPQR)

(/usr/share/texlive/texmf-dist/tex/latex/graphics/keyval.sty
Package: keyval 2014/10/28 v1.15 key=value parser (DPC)
\KV@toks@=\toks16
)
(/usr/share/texlive/texmf-dist/tex/latex/graphics/graphics.sty
Package: graphics 2021/03/04 v1.4d Standard LaTeX Graphics (DPC,SPQR)

(/usr/share/texlive/texmf-dist/tex/latex/graphics/trig.sty
Package: trig 2021/08/11 v1.11 sin cos tan (DPC)
)
(/usr/share/texlive/texmf-dist/tex/latex/graphics-cfg/graphics.cfg
File: graphics.cfg 2016/06/04 v1.11 sample graphics configuration
)
Package graphics Info: Driver file: pdftex.def on input line 107.

(/usr/share/texlive/texmf-dist/tex/latex/graphics-def/pdftex.def
File: pdftex.def 2020/10/05 v1.2a Graphics/color driver for pdftex
))
\Gin@req@height=\dimen140
\Gin@req@width=\dimen141
)
\c@tnote=\count195
\c@fnote=\count196
\c@cnote=\count197
\c@ead=\count198
\c@author=\count199
\@eadauthor=\toks17
\c@affn=\count266
\absbox=\box51
\elsarticlehighlightsbox=\box52
\elsarticlegrabsbox=\box53
\keybox=\box54
\Columnwidth=\dimen142
\space@left=\dimen143
\els@boxa=\box55
\els@boxb=\box56
\leftMargin=\dimen144
\@enLab=\toks18
\@sep=\skip49
\@@sep=\skip50

(./dx_in_shipping.spl)
(/usr/share/texlive/texmf-dist/tex/latex/natbib/natbib.sty
Package: natbib 2010/09/13 8.31b (PWD, AO)
\bibhang=\skip51
\bibsep=\skip52
LaTeX Info: Redefining \cite on input line 694.
\c@NAT@ctr=\count267
)
\splwrite=\write3
\openout3 = `dx_in_shipping.spl'.

\appnamewidth=\dimen145
)
(/usr/share/texlive/texmf-dist/tex/latex/endfloat/endfloat.sty
Package: endfloat 2019/04/15 v2.7 LaTeX2e package puts figures and tables at en
d (jdm)
\c@postfigure=\count268
\efloat@postfff=\write4
\@ef@fffopen=\count269
\c@posttable=\count270
\efloat@postttt=\write5
\@ef@tttopen=\count271
)
(/usr/share/texlive/texmf-dist/tex/latex/amsmath/amsmath.sty
Package: amsmath 2021/10/15 v2.17l AMS math features
\@mathmargin=\skip53

For additional information on amsmath, use the `?' option.
(/usr/share/texlive/texmf-dist/tex/latex/amsmath/amstext.sty
Package: amstext 2021/08/26 v2.01 AMS text

(/usr/share/texlive/texmf-dist/tex/latex/amsmath/amsgen.sty
File: amsgen.sty 1999/11/30 v2.0 generic functions
\@emptytoks=\toks19
\ex@=\dimen146
))
(/usr/share/texlive/texmf-dist/tex/latex/amsmath/amsbsy.sty
Package: amsbsy 1999/11/29 v1.2d Bold Symbols
\pmbraise@=\dimen147
)
(/usr/share/texlive/texmf-dist/tex/latex/amsmath/amsopn.sty
Package: amsopn 2021/08/26 v2.02 operator names
)
\inf@bad=\count272
LaTeX Info: Redefining \frac on input line 234.
\uproot@=\count273
\leftroot@=\count274
LaTeX Info: Redefining \overline on input line 399.
\classnum@=\count275
\DOTSCASE@=\count276
LaTeX Info: Redefining \ldots on input line 496.
LaTeX Info: Redefining \dots on input line 499.
LaTeX Info: Redefining \cdots on input line 620.
\Mathstrutbox@=\box57
\strutbox@=\box58
\big@size=\dimen148
LaTeX Font Info:    Redeclaring font encoding OML on input line 743.
LaTeX Font Info:    Redeclaring font encoding OMS on input line 744.
\macc@depth=\count277
\c@MaxMatrixCols=\count278
\dotsspace@=\muskip16
\c@parentequation=\count279
\dspbrk@lvl=\count280
\tag@help=\toks20
\row@=\count281
\column@=\count282
\maxfields@=\count283
\andhelp@=\toks21
\eqnshift@=\dimen149
\alignsep@=\dimen150
\tagshift@=\dimen151
\tagwidth@=\dimen152
\totwidth@=\dimen153
\lineht@=\dimen154
\@envbody=\toks22
\multlinegap=\skip54
\multlinetaggap=\skip55
\mathdisplay@stack=\toks23
LaTeX Info: Redefining \[ on input line 2938.
LaTeX Info: Redefining \] on input line 2939.
)
(/usr/share/texlive/texmf-dist/tex/latex/hyperref/hyperref.sty
Package: hyperref 2021-06-07 v7.00m Hypertext links for LaTeX

(/usr/share/texlive/texmf-dist/tex/generic/ltxcmds/ltxcmds.sty
Package: ltxcmds 2020-05-10 v1.25 LaTeX kernel commands for general use (HO)
)
(/usr/share/texlive/texmf-dist/tex/generic/iftex/iftex.sty
Package: iftex 2020/03/06 v1.0d TeX engine tests
)
(/usr/share/texlive/texmf-dist/tex/generic/pdftexcmds/pdftexcmds.sty
Package: pdftexcmds 2020-06-27 v0.33 Utility functions of pdfTeX for LuaTeX (HO
)

(/usr/share/texlive/texmf-dist/tex/generic/infwarerr/infwarerr.sty
Package: infwarerr 2019/12/03 v1.5 Providing info/warning/error messages (HO)
)
Package pdftexcmds Info: \pdf@primitive is available.
Package pdftexcmds Info: \pdf@ifprimitive is available.
Package pdftexcmds Info: \pdfdraftmode found.
)
(/usr/share/texlive/texmf-dist/tex/generic/kvsetkeys/kvsetkeys.sty
Package: kvsetkeys 2019/12/15 v1.18 Key value parser (HO)
)
(/usr/share/texlive/texmf-dist/tex/generic/kvdefinekeys/kvdefinekeys.sty
Package: kvdefinekeys 2019-12-19 v1.6 Define keys (HO)
)
(/usr/share/texlive/texmf-dist/tex/generic/pdfescape/pdfescape.sty
Package: pdfescape 2019/12/09 v1.15 Implements pdfTeX's escape features (HO)
)
(/usr/share/texlive/texmf-dist/tex/latex/hycolor/hycolor.sty
Package: hycolor 2020-01-27 v1.10 Color options for hyperref/bookmark (HO)
)
(/usr/share/texlive/texmf-dist/tex/latex/letltxmacro/letltxmacro.sty
Package: letltxmacro 2019/12/03 v1.6 Let assignment for LaTeX macros (HO)
)
(/usr/share/texlive/texmf-dist/tex/latex/auxhook/auxhook.sty
Package: auxhook 2019-12-17 v1.6 Hooks for auxiliary files (HO)
)
(/usr/share/texlive/texmf-dist/tex/latex/kvoptions/kvoptions.sty
Package: kvoptions 2020-10-07 v3.14 Key value format for package options (HO)
)
\@linkdim=\dimen155
\Hy@linkcounter=\count284
\Hy@pagecounter=\count285

(/usr/share/texlive/texmf-dist/tex/latex/hyperref/pd1enc.def
File: pd1enc.def 2021-06-07 v7.00m Hyperref: PDFDocEncoding definition (HO)
Now handling font encoding PD1 ...
... no UTF-8 mapping file for font encoding PD1
)
(/usr/share/texlive/texmf-dist/tex/latex/hyperref/hyperref-langpatches.def
File: hyperref-langpatches.def 2021-06-07 v7.00m Hyperref: patches for babel la
nguages
)
(/usr/share/texlive/texmf-dist/tex/generic/intcalc/intcalc.sty
Package: intcalc 2019/12/15 v1.3 Expandable calculations with integers (HO)
)
(/usr/share/texlive/texmf-dist/tex/generic/etexcmds/etexcmds.sty
Package: etexcmds 2019/12/15 v1.7 Avoid name clashes with e-TeX commands (HO)
)
\Hy@SavedSpaceFactor=\count286

(/usr/share/texlive/texmf-dist/tex/latex/hyperref/puenc.def
File: puenc.def 2021-06-07 v7.00m Hyperref: PDF Unicode definition (HO)
Now handling font encoding PU ...
... no UTF-8 mapping file for font encoding PU
)
Package hyperref Info: Hyper figures OFF on input line 4192.
Package hyperref Info: Link nesting OFF on input line 4197.
Package hyperref Info: Hyper index ON on input line 4200.
Package hyperref Info: Plain pages OFF on input line 4207.
Package hyperref Info: Backreferencing OFF on input line 4212.
Package hyperref Info: Implicit mode ON; LaTeX internals redefined.
Package hyperref Info: Bookmarks ON on input line 4445.
\c@Hy@tempcnt=\count287

(/usr/share/texlive/texmf-dist/tex/latex/url/url.sty
\Urlmuskip=\muskip17
Package: url 2013/09/16  ver 3.4  Verb mode for urls, etc.
)
LaTeX Info: Redefining \url on input line 4804.
\XeTeXLinkMargin=\dimen156

(/usr/share/texlive/texmf-dist/tex/generic/bitset/bitset.sty
Package: bitset 2019/12/09 v1.3 Handle bit-vector datatype (HO)

(/usr/share/texlive/texmf-dist/tex/generic/bigintcalc/bigintcalc.sty
Package: bigintcalc 2019/12/15 v1.5 Expandable calculations on big integers (HO
)
))
\Fld@menulength=\count288
\Field@Width=\dimen157
\Fld@charsize=\dimen158
Package hyperref Info: Hyper figures OFF on input line 6076.
Package hyperref Info: Link nesting OFF on input line 6081.
Package hyperref Info: Hyper index ON on input line 6084.
Package hyperref Info: backreferencing OFF on input line 6091.
Package hyperref Info: Link coloring OFF on input line 6096.
Package hyperref Info: Link coloring with OCG OFF on input line 6101.
Package hyperref Info: PDF/A mode OFF on input line 6106.
LaTeX Info: Redefining \ref on input line 6146.
LaTeX Info: Redefining \pageref on input line 6150.

(/usr/share/texlive/texmf-dist/tex/latex/base/atbegshi-ltx.sty
Package: atbegshi-ltx 2021/01/10 v1.0c Emulation of the original atbegshi
package with kernel methods
)
\Hy@abspage=\count289
\c@Item=\count290
\c@Hfootnote=\count291
)
Package hyperref Info: Driver (autodetected): hpdftex.

(/usr/share/texlive/texmf-dist/tex/latex/hyperref/hpdftex.def
File: hpdftex.def 2021-06-07 v7.00m Hyperref driver for pdfTeX

(/usr/share/texlive/texmf-dist/tex/latex/base/atveryend-ltx.sty
Package: atveryend-ltx 2020/08/19 v1.0a Emulation of the original atveryend pac
kage
with kernel methods
)
\Fld@listcount=\count292
\c@bookmark@seq@number=\count293

(/usr/share/texlive/texmf-dist/tex/latex/rerunfilecheck/rerunfilecheck.sty
Package: rerunfilecheck 2019/12/05 v1.9 Rerun checks for auxiliary files (HO)

(/usr/share/texlive/texmf-dist/tex/generic/uniquecounter/uniquecounter.sty
Package: uniquecounter 2019/12/15 v1.4 Provide unlimited unique counter (HO)
)
Package uniquecounter Info: New unique counter `rerunfilecheck' on input line 2
86.
)
\Hy@SectionHShift=\skip56
)
(/usr/share/texlive/texmf-dist/tex/latex/caption/caption.sty
Package: caption 2020/10/26 v3.5g Customizing captions (AR)

(/usr/share/texlive/texmf-dist/tex/latex/caption/caption3.sty
Package: caption3 2020/10/21 v2.2e caption3 kernel (AR)
\captionmargin=\dimen159
\captionmargin@=\dimen160
\captionwidth=\dimen161
\caption@tempdima=\dimen162
\caption@indent=\dimen163
\caption@parindent=\dimen164
\caption@hangindent=\dimen165
Package caption Info: elsarticle document class detected.

(/usr/share/texlive/texmf-dist/tex/latex/caption/caption-elsarticle.sto
File: caption-elsarticle.sto 2020/08/22 v2.0 Adaption of the caption package to
 the elsarticle document class (AR)
))
\c@caption@flags=\count294
\c@continuedfloat=\count295
Package caption Info: hyperref package is loaded.
)
\emailauthor{20200114@stu.uol.ac.cy}{Andreas Pittas}
\emailauthor{y.filippopoulos@uol.ac.cy}{Yannes Filippopoulos}
\emailauthor{zlajic@angelicoussisgroup.com}{Zoran Lajic}
\emailauthor{luca@uol.ac.cy}{Luca Ferrarini\corref {cor1}}
(./dx_in_shipping.aux)
\openout1 = `dx_in_shipping.aux'.

LaTeX Font Info:    Checking defaults for OML/cmm/m/it on input line 34.
LaTeX Font Info:    ... okay on input line 34.
LaTeX Font Info:    Checking defaults for OMS/cmsy/m/n on input line 34.
LaTeX Font Info:    ... okay on input line 34.
LaTeX Font Info:    Checking defaults for OT1/cmr/m/n on input line 34.
LaTeX Font Info:    ... okay on input line 34.
LaTeX Font Info:    Checking defaults for T1/cmr/m/n on input line 34.
LaTeX Font Info:    ... okay on input line 34.
LaTeX Font Info:    Checking defaults for TS1/cmr/m/n on input line 34.
LaTeX Font Info:    ... okay on input line 34.
LaTeX Font Info:    Checking defaults for OMX/cmex/m/n on input line 34.
LaTeX Font Info:    ... okay on input line 34.
LaTeX Font Info:    Checking defaults for U/cmr/m/n on input line 34.
LaTeX Font Info:    ... okay on input line 34.
LaTeX Font Info:    Checking defaults for PD1/pdf/m/n on input line 34.
LaTeX Font Info:    ... okay on input line 34.
LaTeX Font Info:    Checking defaults for PU/pdf/m/n on input line 34.
LaTeX Font Info:    ... okay on input line 34.

(/usr/share/texlive/texmf-dist/tex/context/base/mkii/supp-pdf.mkii
[Loading MPS to PDF converter (version 2006.09.02).]
\scratchcounter=\count296
\scratchdimen=\dimen166
\scratchbox=\box59
\nofMPsegments=\count297
\nofMParguments=\count298
\everyMPshowfont=\toks24
\MPscratchCnt=\count299
\MPscratchDim=\dimen167
\MPnumerator=\count300
\makeMPintoPDFobject=\count301
\everyMPtoPDFconversion=\toks25
) (/usr/share/texlive/texmf-dist/tex/latex/epstopdf-pkg/epstopdf-base.sty
Package: epstopdf-base 2020-01-24 v2.11 Base part for package epstopdf
Package epstopdf-base Info: Redefining graphics rule for `.eps' on input line 4
85.

(/usr/share/texlive/texmf-dist/tex/latex/latexconfig/epstopdf-sys.cfg
File: epstopdf-sys.cfg 2010/07/13 v1.3 Configuration of (r)epstopdf for TeX Liv
e
))
Package hyperref Info: Link coloring OFF on input line 34.

(/usr/share/texlive/texmf-dist/tex/latex/hyperref/nameref.sty
Package: nameref 2021-04-02 v2.47 Cross-referencing by name of section

(/usr/share/texlive/texmf-dist/tex/latex/refcount/refcount.sty
Package: refcount 2019/12/15 v3.6 Data extraction from label references (HO)
)
(/usr/share/texlive/texmf-dist/tex/generic/gettitlestring/gettitlestring.sty
Package: gettitlestring 2019/12/15 v1.6 Cleanup title references (HO)
)
\c@section@level=\count302
)
LaTeX Info: Redefining \ref on input line 34.
LaTeX Info: Redefining \pageref on input line 34.
LaTeX Info: Redefining \nameref on input line 34.

(./dx_in_shipping.out) (./dx_in_shipping.out)
\@outlinefile=\write6
\openout6 = `dx_in_shipping.out'.

Package caption Info: Begin \AtBeginDocument code.
Package caption Info: End \AtBeginDocument code.

Overfull \hbox (2.22221pt too wide) has occurred while \output is active
[] 
 []


Package hyperref Warning: Token not allowed in a PDF string (Unicode):
(hyperref)                removing `\<def>-command' on input line 56.


Package hyperref Warning: Token not allowed in a PDF string (Unicode):
(hyperref)                removing `\cnotenum' on input line 56.


Package hyperref Warning: Token not allowed in a PDF string (Unicode):
(hyperref)                removing `\<def>-command' on input line 56.


Package hyperref Warning: Token not allowed in a PDF string (Unicode):
(hyperref)                removing `\@corref' on input line 56.

[1


{/var/lib/texmf/fonts/map/pdftex/updmap/pdftex.map}]
\openout5 = `dx_in_shipping.ttt'.

 (dx_in_shipping.ttt)
[2] [3] [4]
\openout4 = `dx_in_shipping.fff'.

 (dx_in_shipping.fff) [5]
LaTeX Font Info:    Trying to load font information for OML+cmr on input line 2
55.

(/usr/share/texlive/texmf-dist/tex/latex/base/omlcmr.fd
File: omlcmr.fd 2019/12/16 v2.5j Standard LaTeX font definitions
)
LaTeX Font Info:    Font shape `OML/cmr/m/n' in size <10> not available
(Font)              Font shape `OML/cmm/m/it' tried instead on input line 255.
 [6] [7] [8]
(./dx_in_shipping.bbl [9]) AED endfloat: Processing end Figures and Tables
[10] (./dx_in_shipping.lof)
\tf@lof=\write7
\openout7 = `dx_in_shipping.lof'.

 [11


] (./dx_in_shipping.fff
Package epstopdf Info: Source file: <pics/no_publications_year.eps>
(epstopdf)                    date: 2025-02-16 10:18:23
(epstopdf)                    size: 230998 bytes
(epstopdf)             Output file: <pics/no_publications_year-eps-converted-to
.pdf>
(epstopdf)                    date: 2025-02-16 10:50:52
(epstopdf)                    size: 90001 bytes
(epstopdf)             Command: <repstopdf --outfile=pics/no_publications_year-
eps-converted-to.pdf pics/no_publications_year.eps>
(epstopdf)             \includegraphics on input line 3.
Package epstopdf Info: Output file is already uptodate.
<pics/no_publications_year-eps-converted-to.pdf, id=236, 714.67pt x 426.59375pt
>
File: pics/no_publications_year-eps-converted-to.pdf Graphic file (type pdf)
<use pics/no_publications_year-eps-converted-to.pdf>
Package pdftex.def Info: pics/no_publications_year-eps-converted-to.pdf  used o
n input line 3.
(pdftex.def)             Requested size: 571.73677pt x 341.27545pt.

Overfull \hbox (226.73677pt too wide) in paragraph at lines 3--4
 [][] 
 []

[12

 <./pics/no_publications_year-eps-converted-to.pdf>]
Package epstopdf Info: Source file: <pics/leading_authors.eps>
(epstopdf)                    date: 2025-02-16 10:17:37
(epstopdf)                    size: 205122 bytes
(epstopdf)             Output file: <pics/leading_authors-eps-converted-to.pdf>

(epstopdf)                    date: 2025-02-16 10:50:53
(epstopdf)                    size: 113300 bytes
(epstopdf)             Command: <repstopdf --outfile=pics/leading_authors-eps-c
onverted-to.pdf pics/leading_authors.eps>
(epstopdf)             \includegraphics on input line 10.
Package epstopdf Info: Output file is already uptodate.
<pics/leading_authors-eps-converted-to.pdf, id=243, 715.67375pt x 426.59375pt>
File: pics/leading_authors-eps-converted-to.pdf Graphic file (type pdf)
<use pics/leading_authors-eps-converted-to.pdf>
Package pdftex.def Info: pics/leading_authors-eps-converted-to.pdf  used on inp
ut line 10.
(pdftex.def)             Requested size: 572.53978pt x 341.27545pt.
Package epstopdf Info: Source file: <pics/leading_institutions.eps>
(epstopdf)                    date: 2025-02-16 10:18:01
(epstopdf)                    size: 227883 bytes
(epstopdf)             Output file: <pics/leading_institutions-eps-converted-to
.pdf>
(epstopdf)                    date: 2025-02-16 10:50:54
(epstopdf)                    size: 129109 bytes
(epstopdf)             Command: <repstopdf --outfile=pics/leading_institutions-
eps-converted-to.pdf pics/leading_institutions.eps>
(epstopdf)             \includegraphics on input line 11.
Package epstopdf Info: Output file is already uptodate.
<pics/leading_institutions-eps-converted-to.pdf, id=244, 715.67375pt x 426.5937
5pt>
File: pics/leading_institutions-eps-converted-to.pdf Graphic file (type pdf)
<use pics/leading_institutions-eps-converted-to.pdf>
Package pdftex.def Info: pics/leading_institutions-eps-converted-to.pdf  used o
n input line 11.
(pdftex.def)             Requested size: 572.53978pt x 341.27545pt.
Package epstopdf Info: Source file: <pics/leading_countries.eps>
(epstopdf)                    date: 2025-02-16 10:17:48
(epstopdf)                    size: 155120 bytes
(epstopdf)             Output file: <pics/leading_countries-eps-converted-to.pd
f>
(epstopdf)                    date: 2025-02-16 10:50:55
(epstopdf)                    size: 88062 bytes
(epstopdf)             Command: <repstopdf --outfile=pics/leading_countries-eps
-converted-to.pdf pics/leading_countries.eps>
(epstopdf)             \includegraphics on input line 12.
Package epstopdf Info: Output file is already uptodate.
<pics/leading_countries-eps-converted-to.pdf, id=245, 715.67375pt x 426.59375pt
>
File: pics/leading_countries-eps-converted-to.pdf Graphic file (type pdf)
<use pics/leading_countries-eps-converted-to.pdf>
Package pdftex.def Info: pics/leading_countries-eps-converted-to.pdf  used on i
nput line 12.
(pdftex.def)             Requested size: 572.53978pt x 341.27545pt.

Overfull \hbox (227.53978pt too wide) in paragraph at lines 10--13
 [][] 
 []


Overfull \hbox (227.53978pt too wide) in paragraph at lines 10--13
 [] 
 []


Overfull \hbox (227.53978pt too wide) in paragraph at lines 10--13
 [] 
 []


LaTeX Warning: Float too large for page by 447.32634pt on input line 14.

[13 <./pics/leading_authors-eps-converted-to.pdf> <./pics/leading_institutions-
eps-converted-to.pdf> <./pics/leading_countries-eps-converted-to.pdf>]
Package epstopdf Info: Source file: <pics/coauthorship_degree_distribution.eps>

(epstopdf)                    date: 2025-02-16 10:16:14
(epstopdf)                    size: 119232 bytes
(epstopdf)             Output file: <pics/coauthorship_degree_distribution-eps-
converted-to.pdf>
(epstopdf)                    date: 2025-02-16 10:55:10
(epstopdf)                    size: 21201 bytes
(epstopdf)             Command: <repstopdf --outfile=pics/coauthorship_degree_d
istribution-eps-converted-to.pdf pics/coauthorship_degree_distribution.eps>
(epstopdf)             \includegraphics on input line 19.
Package epstopdf Info: Output file is already uptodate.
<pics/coauthorship_degree_distribution-eps-converted-to.pdf, id=257, 621.32124p
t x 394.47375pt>
File: pics/coauthorship_degree_distribution-eps-converted-to.pdf Graphic file (
type pdf)
<use pics/coauthorship_degree_distribution-eps-converted-to.pdf>
Package pdftex.def Info: pics/coauthorship_degree_distribution-eps-converted-to
.pdf  used on input line 19.
(pdftex.def)             Requested size: 497.05768pt x 315.57942pt.
Package epstopdf Info: Source file: <pics/coauthorship_degree_distribution_logl
og_chart.eps>
(epstopdf)                    date: 2025-02-16 10:16:25
(epstopdf)                    size: 155250 bytes
(epstopdf)             Output file: <pics/coauthorship_degree_distribution_logl
og_chart-eps-converted-to.pdf>
(epstopdf)                    date: 2025-02-16 10:55:11
(epstopdf)                    size: 61187 bytes
(epstopdf)             Command: <repstopdf --outfile=pics/coauthorship_degree_d
istribution_loglog_chart-eps-converted-to.pdf pics/coauthorship_degree_distribu
tion_loglog_chart.eps>
(epstopdf)             \includegraphics on input line 20.
Package epstopdf Info: Output file is already uptodate.
<pics/coauthorship_degree_distribution_loglog_chart-eps-converted-to.pdf, id=25
8, 481.8pt x 391.4625pt>
File: pics/coauthorship_degree_distribution_loglog_chart-eps-converted-to.pdf G
raphic file (type pdf)
<use pics/coauthorship_degree_distribution_loglog_chart-eps-converted-to.pdf>
Package pdftex.def Info: pics/coauthorship_degree_distribution_loglog_chart-eps
-converted-to.pdf  used on input line 20.
(pdftex.def)             Requested size: 385.4405pt x 313.17041pt.

Overfull \hbox (152.05768pt too wide) in paragraph at lines 19--21
 [][] 
 []


Overfull \hbox (40.4405pt too wide) in paragraph at lines 19--21
 [] 
 []


LaTeX Warning: Float too large for page by 51.24982pt on input line 22.

[14 <./pics/coauthorship_degree_distribution-eps-converted-to.pdf> <./pics/coau
thorship_degree_distribution_loglog_chart-eps-converted-to.pdf>]
Package epstopdf Info: Source file: <pics/co-authorship_communities.eps>
(epstopdf)                    date: 2025-02-16 10:15:11
(epstopdf)                    size: 450142 bytes
(epstopdf)             Output file: <pics/co-authorship_communities-eps-convert
ed-to.pdf>
(epstopdf)                    date: 2025-02-16 11:05:36
(epstopdf)                    size: 169534 bytes
(epstopdf)             Command: <repstopdf --outfile=pics/co-authorship_communi
ties-eps-converted-to.pdf pics/co-authorship_communities.eps>
(epstopdf)             \includegraphics on input line 27.
Package epstopdf Info: Output file is already uptodate.
<pics/co-authorship_communities-eps-converted-to.pdf, id=267, 736.7525pt x 736.
7525pt>
File: pics/co-authorship_communities-eps-converted-to.pdf Graphic file (type pd
f)
<use pics/co-authorship_communities-eps-converted-to.pdf>
Package pdftex.def Info: pics/co-authorship_communities-eps-converted-to.pdf  u
sed on input line 27.
(pdftex.def)             Requested size: 589.4028pt x 589.4028pt.

Overfull \hbox (244.4028pt too wide) in paragraph at lines 27--28
 [][] 
 []


LaTeX Warning: Float too large for page by 10.90279pt on input line 29.

[15 <./pics/co-authorship_communities-eps-converted-to.pdf>]
Package epstopdf Info: Source file: <pics/coauthorship_inst_per_partition.eps>
(epstopdf)                    date: 2025-02-16 10:17:15
(epstopdf)                    size: 173417 bytes
(epstopdf)             Output file: <pics/coauthorship_inst_per_partition-eps-c
onverted-to.pdf>
(epstopdf)                    date: 2025-02-16 10:57:37
(epstopdf)                    size: 29429 bytes
(epstopdf)             Command: <repstopdf --outfile=pics/coauthorship_inst_per
_partition-eps-converted-to.pdf pics/coauthorship_inst_per_partition.eps>
(epstopdf)             \includegraphics on input line 34.
Package epstopdf Info: Output file is already uptodate.
<pics/coauthorship_inst_per_partition-eps-converted-to.pdf, id=274, 380.42125pt
 x 300.12125pt>
File: pics/coauthorship_inst_per_partition-eps-converted-to.pdf Graphic file (t
ype pdf)
<use pics/coauthorship_inst_per_partition-eps-converted-to.pdf>
Package pdftex.def Info: pics/coauthorship_inst_per_partition-eps-converted-to.
pdf  used on input line 34.
(pdftex.def)             Requested size: 304.3374pt x 240.09732pt.
Package epstopdf Info: Source file: <pics/coauthorship_country_per_partition.ep
s>
(epstopdf)                    date: 2025-02-16 10:16:02
(epstopdf)                    size: 212767 bytes
(epstopdf)             Output file: <pics/coauthorship_country_per_partition-ep
s-converted-to.pdf>
(epstopdf)                    date: 2025-02-16 10:57:38
(epstopdf)                    size: 30800 bytes
(epstopdf)             Command: <repstopdf --outfile=pics/coauthorship_country_
per_partition-eps-converted-to.pdf pics/coauthorship_country_per_partition.eps>

(epstopdf)             \includegraphics on input line 35.
Package epstopdf Info: Output file is already uptodate.
<pics/coauthorship_country_per_partition-eps-converted-to.pdf, id=275, 379.4175
pt x 302.12875pt>
File: pics/coauthorship_country_per_partition-eps-converted-to.pdf Graphic file
 (type pdf)
<use pics/coauthorship_country_per_partition-eps-converted-to.pdf>
Package pdftex.def Info: pics/coauthorship_country_per_partition-eps-converted-
to.pdf  used on input line 35.
(pdftex.def)             Requested size: 303.53441pt x 241.70332pt.
 [16




 <./pics/coauthorship_inst_per_partition-eps-converted-to.pdf> <./pics/coauthor
ship_country_per_partition-eps-converted-to.pdf>]
Package epstopdf Info: Source file: <pics/coauthorship_inst_chord_1.eps>
(epstopdf)                    date: 2025-02-16 10:16:37
(epstopdf)                    size: 1323455 bytes
(epstopdf)             Output file: <pics/coauthorship_inst_chord_1-eps-convert
ed-to.pdf>
(epstopdf)                    date: 2025-02-16 11:05:40
(epstopdf)                    size: 445025 bytes
(epstopdf)             Command: <repstopdf --outfile=pics/coauthorship_inst_cho
rd_1-eps-converted-to.pdf pics/coauthorship_inst_chord_1.eps>
(epstopdf)             \includegraphics on input line 42.
Package epstopdf Info: Output file is already uptodate.
<pics/coauthorship_inst_chord_1-eps-converted-to.pdf, id=285, 431.6125pt x 414.
54875pt>
File: pics/coauthorship_inst_chord_1-eps-converted-to.pdf Graphic file (type pd
f)
<use pics/coauthorship_inst_chord_1-eps-converted-to.pdf>
Package pdftex.def Info: pics/coauthorship_inst_chord_1-eps-converted-to.pdf  u
sed on input line 42.
(pdftex.def)             Requested size: 345.29045pt x 331.63943pt.
Package epstopdf Info: Source file: <pics/coauthorship_inst_chord_2.eps>
(epstopdf)                    date: 2025-02-16 10:16:50
(epstopdf)                    size: 1322903 bytes
(epstopdf)             Output file: <pics/coauthorship_inst_chord_2-eps-convert
ed-to.pdf>
(epstopdf)                    date: 2025-02-16 11:05:44
(epstopdf)                    size: 431711 bytes
(epstopdf)             Command: <repstopdf --outfile=pics/coauthorship_inst_cho
rd_2-eps-converted-to.pdf pics/coauthorship_inst_chord_2.eps>
(epstopdf)             \includegraphics on input line 43.
Package epstopdf Info: Output file is already uptodate.
<pics/coauthorship_inst_chord_2-eps-converted-to.pdf, id=286, 425.59pt x 412.54
124pt>
File: pics/coauthorship_inst_chord_2-eps-converted-to.pdf Graphic file (type pd
f)
<use pics/coauthorship_inst_chord_2-eps-converted-to.pdf>
Package pdftex.def Info: pics/coauthorship_inst_chord_2-eps-converted-to.pdf  u
sed on input line 43.
(pdftex.def)             Requested size: 340.47244pt x 330.03345pt.
Package epstopdf Info: Source file: <pics/coauthorship_inst_chord_3.eps>
(epstopdf)                    date: 2025-02-16 10:17:03
(epstopdf)                    size: 1324509 bytes
(epstopdf)             Output file: <pics/coauthorship_inst_chord_3-eps-convert
ed-to.pdf>
(epstopdf)                    date: 2025-02-16 11:05:47
(epstopdf)                    size: 428293 bytes
(epstopdf)             Command: <repstopdf --outfile=pics/coauthorship_inst_cho
rd_3-eps-converted-to.pdf pics/coauthorship_inst_chord_3.eps>
(epstopdf)             \includegraphics on input line 44.
Package epstopdf Info: Output file is already uptodate.
<pics/coauthorship_inst_chord_3-eps-converted-to.pdf, id=287, 424.58624pt x 409
.53pt>
File: pics/coauthorship_inst_chord_3-eps-converted-to.pdf Graphic file (type pd
f)
<use pics/coauthorship_inst_chord_3-eps-converted-to.pdf>
Package pdftex.def Info: pics/coauthorship_inst_chord_3-eps-converted-to.pdf  u
sed on input line 44.
(pdftex.def)             Requested size: 339.66945pt x 327.62444pt.


LaTeX Warning: Float too large for page by 422.2973pt on input line 46.

[17 <./pics/coauthorship_inst_chord_1-eps-converted-to.pdf> <./pics/coauthorshi
p_inst_chord_2-eps-converted-to.pdf> <./pics/coauthorship_inst_chord_3-eps-conv
erted-to.pdf>]
Package epstopdf Info: Source file: <pics/coauthorship_country_chord_1.eps>
(epstopdf)                    date: 2025-02-16 10:15:24
(epstopdf)                    size: 962056 bytes
(epstopdf)             Output file: <pics/coauthorship_country_chord_1-eps-conv
erted-to.pdf>
(epstopdf)                    date: 2025-02-16 11:05:50
(epstopdf)                    size: 321874 bytes
(epstopdf)             Command: <repstopdf --outfile=pics/coauthorship_country_
chord_1-eps-converted-to.pdf pics/coauthorship_country_chord_1.eps>
(epstopdf)             \includegraphics on input line 51.
Package epstopdf Info: Output file is already uptodate.
<pics/coauthorship_country_chord_1-eps-converted-to.pdf, id=298, 390.45876pt x 
387.4475pt>
File: pics/coauthorship_country_chord_1-eps-converted-to.pdf Graphic file (type
 pdf)
<use pics/coauthorship_country_chord_1-eps-converted-to.pdf>
Package pdftex.def Info: pics/coauthorship_country_chord_1-eps-converted-to.pdf
  used on input line 51.
(pdftex.def)             Requested size: 312.36742pt x 309.95842pt.
Package epstopdf Info: Source file: <pics/coauthorship_country_chord_2.eps>
(epstopdf)                    date: 2025-02-16 10:15:37
(epstopdf)                    size: 954556 bytes
(epstopdf)             Output file: <pics/coauthorship_country_chord_2-eps-conv
erted-to.pdf>
(epstopdf)                    date: 2025-02-16 11:05:52
(epstopdf)                    size: 301756 bytes
(epstopdf)             Command: <repstopdf --outfile=pics/coauthorship_country_
chord_2-eps-converted-to.pdf pics/coauthorship_country_chord_2.eps>
(epstopdf)             \includegraphics on input line 52.
Package epstopdf Info: Output file is already uptodate.
<pics/coauthorship_country_chord_2-eps-converted-to.pdf, id=299, 395.4775pt x 3
84.43625pt>
File: pics/coauthorship_country_chord_2-eps-converted-to.pdf Graphic file (type
 pdf)
<use pics/coauthorship_country_chord_2-eps-converted-to.pdf>
Package pdftex.def Info: pics/coauthorship_country_chord_2-eps-converted-to.pdf
  used on input line 52.
(pdftex.def)             Requested size: 316.38243pt x 307.54941pt.
Package epstopdf Info: Source file: <pics/coauthorship_country_chord_3.eps>
(epstopdf)                    date: 2025-02-16 10:15:51
(epstopdf)                    size: 954540 bytes
(epstopdf)             Output file: <pics/coauthorship_country_chord_3-eps-conv
erted-to.pdf>
(epstopdf)                    date: 2025-02-16 11:05:55
(epstopdf)                    size: 301808 bytes
(epstopdf)             Command: <repstopdf --outfile=pics/coauthorship_country_
chord_3-eps-converted-to.pdf pics/coauthorship_country_chord_3.eps>
(epstopdf)             \includegraphics on input line 53.
Package epstopdf Info: Output file is already uptodate.
<pics/coauthorship_country_chord_3-eps-converted-to.pdf, id=300, 390.45876pt x 
384.43625pt>
File: pics/coauthorship_country_chord_3-eps-converted-to.pdf Graphic file (type
 pdf)
<use pics/coauthorship_country_chord_3-eps-converted-to.pdf>
Package pdftex.def Info: pics/coauthorship_country_chord_3-eps-converted-to.pdf
  used on input line 53.
(pdftex.def)             Requested size: 312.36742pt x 307.54941pt.


LaTeX Warning: Float too large for page by 358.05722pt on input line 55.

[18 <./pics/coauthorship_country_chord_1-eps-converted-to.pdf> <./pics/coauthor
ship_country_chord_2-eps-converted-to.pdf> <./pics/coauthorship_country_chord_3
-eps-converted-to.pdf>]
Package epstopdf Info: Source file: <pics/citation_degree_distribution.eps>
(epstopdf)                    date: 2025-02-16 10:14:58
(epstopdf)                    size: 141129 bytes
(epstopdf)             Output file: <pics/citation_degree_distribution-eps-conv
erted-to.pdf>
(epstopdf)                    date: 2025-02-16 11:09:43
(epstopdf)                    size: 34189 bytes
(epstopdf)             Command: <repstopdf --outfile=pics/citation_degree_distr
ibution-eps-converted-to.pdf pics/citation_degree_distribution.eps>
(epstopdf)             \includegraphics on input line 60.
Package epstopdf Info: Output file is already uptodate.
<pics/citation_degree_distribution-eps-converted-to.pdf, id=311, 579.16376pt x 
364.36125pt>
File: pics/citation_degree_distribution-eps-converted-to.pdf Graphic file (type
 pdf)
<use pics/citation_degree_distribution-eps-converted-to.pdf>
Package pdftex.def Info: pics/citation_degree_distribution-eps-converted-to.pdf
  used on input line 60.
(pdftex.def)             Requested size: 463.33163pt x 291.48938pt.
Package epstopdf Info: Source file: <pics/loglog_citation_degree_distribution.e
ps>
(epstopdf)                    date: 2025-02-16 10:18:12
(epstopdf)                    size: 156469 bytes
(epstopdf)             Output file: <pics/loglog_citation_degree_distribution-e
ps-converted-to.pdf>
(epstopdf)                    date: 2025-02-16 11:09:44
(epstopdf)                    size: 61290 bytes
(epstopdf)             Command: <repstopdf --outfile=pics/loglog_citation_degre
e_distribution-eps-converted-to.pdf pics/loglog_citation_degree_distribution.ep
s>
(epstopdf)             \includegraphics on input line 61.
Package epstopdf Info: Output file is already uptodate.
<pics/loglog_citation_degree_distribution-eps-converted-to.pdf, id=312, 479.792
5pt x 393.47pt>
File: pics/loglog_citation_degree_distribution-eps-converted-to.pdf Graphic fil
e (type pdf)
<use pics/loglog_citation_degree_distribution-eps-converted-to.pdf>
Package pdftex.def Info: pics/loglog_citation_degree_distribution-eps-converted
-to.pdf  used on input line 61.
(pdftex.def)             Requested size: 383.8345pt x 314.77641pt.

Overfull \hbox (118.33163pt too wide) in paragraph at lines 60--62
 [][] 
 []


Overfull \hbox (38.8345pt too wide) in paragraph at lines 60--62
 [] 
 []


LaTeX Warning: Float too large for page by 28.76578pt on input line 63.

[19 <./pics/citation_degree_distribution-eps-converted-to.pdf> <./pics/loglog_c
itation_degree_distribution-eps-converted-to.pdf>]
Package epstopdf Info: Source file: <pics/cocitation_communiities.eps>
(epstopdf)                    date: 2025-02-16 10:17:27
(epstopdf)                    size: 850472 bytes
(epstopdf)             Output file: <pics/cocitation_communiities-eps-converted
-to.pdf>
(epstopdf)                    date: 2025-02-16 11:11:19
(epstopdf)                    size: 225623 bytes
(epstopdf)             Command: <repstopdf --outfile=pics/cocitation_communiiti
es-eps-converted-to.pdf pics/cocitation_communiities.eps>
(epstopdf)             \includegraphics on input line 68.
Package epstopdf Info: Output file is already uptodate.
<pics/cocitation_communiities-eps-converted-to.pdf, id=322, 736.7525pt x 736.75
25pt>
File: pics/cocitation_communiities-eps-converted-to.pdf Graphic file (type pdf)

<use pics/cocitation_communiities-eps-converted-to.pdf>
Package pdftex.def Info: pics/cocitation_communiities-eps-converted-to.pdf  use
d on input line 68.
(pdftex.def)             Requested size: 589.4028pt x 589.4028pt.

Overfull \hbox (244.4028pt too wide) in paragraph at lines 68--69
 [][] 
 []


LaTeX Warning: Float too large for page by 10.90279pt on input line 70.

) [20 <./pics/cocitation_communiities-eps-converted-to.pdf>]
(./dx_in_shipping.lot)
\tf@lot=\write8
\openout8 = `dx_in_shipping.lot'.

 [21






] (./dx_in_shipping.ttt [22

] [23

]
Overfull \hbox (107.88977pt too wide) in paragraph at lines 68--95
 [][] 
 []

[24

] [25

]
Overfull \hbox (505.44617pt too wide) in paragraph at lines 134--151
 [][] 
 []

[26

]
Overfull \hbox (993.9472pt too wide) in paragraph at lines 157--172
 [][] 
 []

[27

]
Overfull \hbox (146.75092pt too wide) in paragraph at lines 178--195
 [][] 
 []

[28

]
Overfull \hbox (3087.91588pt too wide) in paragraph at lines 201--214
 [][] 
 []

) [29

] (./dx_in_shipping.aux)
Package rerunfilecheck Info: File `dx_in_shipping.out' has not changed.
(rerunfilecheck)             Checksum: C5D84C41F635D625009F8F589750EB3B;2343.
 ) 
Here is how much of TeX's memory you used:
 11717 strings out of 480171
 191428 string characters out of 5894489
 479001 words of memory out of 5000000
 29416 multiletter control sequences out of 15000+600000
 473639 words of font info for 43 fonts, out of 8000000 for 9000
 59 hyphenation exceptions out of 8191
 70i,9n,76p,1111b,461s stack positions out of 5000i,500n,10000p,200000b,80000s
</usr/share/texlive/texmf-dist/fonts/type1/public/amsfonts/cm/cmbx10.pfb></us
r/share/texlive/texmf-dist/fonts/type1/public/amsfonts/cm/cmmi10.pfb></usr/shar
e/texlive/texmf-dist/fonts/type1/public/amsfonts/cm/cmr10.pfb></usr/share/texli
ve/texmf-dist/fonts/type1/public/amsfonts/cm/cmr12.pfb></usr/share/texlive/texm
f-dist/fonts/type1/public/amsfonts/cm/cmr7.pfb></usr/share/texlive/texmf-dist/f
onts/type1/public/amsfonts/cm/cmr8.pfb></usr/share/texlive/texmf-dist/fonts/typ
e1/public/amsfonts/cm/cmsy6.pfb></usr/share/texlive/texmf-dist/fonts/type1/publ
ic/amsfonts/cm/cmsy7.pfb></usr/share/texlive/texmf-dist/fonts/type1/public/amsf
onts/cm/cmti10.pfb></usr/share/texlive/texmf-dist/fonts/type1/public/amsfonts/c
m/cmti7.pfb></usr/share/texlive/texmf-dist/fonts/type1/public/amsfonts/cm/cmti8
.pfb>
Output written on dx_in_shipping.pdf (29 pages, 3438578 bytes).
PDF statistics:
 445 PDF objects out of 1000 (max. 8388607)
 352 compressed objects within 4 object streams
 91 named destinations out of 1000 (max. 500000)
 211 words of extra memory for PDF output out of 10000 (max. 10000000)

